This is pdfTeX, Version 3.1415926-2.4-1.40.13 (MiKTeX 2.9 64-bit) (preloaded format=pdflatex 2014.8.1)  17 AUG 2014 20:25
entering extended mode
**Functional_Requirments_Application_Design_document.tex

(C:\Sc\Project-Postdoc\Functional_Req_Application_Des_Specs\Functional_Requirme
nts_Application_Design_document.tex
LaTeX2e <2011/06/27>
Babel <v3.8m> and hyphenation patterns for english, afrikaans, ancientgreek, ar
abic, armenian, assamese, basque, bengali, bokmal, bulgarian, catalan, coptic, 
croatian, czech, danish, dutch, esperanto, estonian, farsi, finnish, french, ga
lician, german, german-x-2012-05-30, greek, gujarati, hindi, hungarian, iceland
ic, indonesian, interlingua, irish, italian, kannada, kurmanji, latin, latvian,
 lithuanian, malayalam, marathi, mongolian, mongolianlmc, monogreek, ngerman, n
german-x-2012-05-30, nynorsk, oriya, panjabi, pinyin, polish, portuguese, roman
ian, russian, sanskrit, serbian, slovak, slovenian, spanish, swedish, swissgerm
an, tamil, telugu, turkish, turkmen, ukenglish, ukrainian, uppersorbian, usengl
ishmax, welsh, loaded.
("C:\Program Files\MiKTeX 2.9\tex\latex\base\article.cls"
Document Class: article 2007/10/19 v1.4h Standard LaTeX document class
("C:\Program Files\MiKTeX 2.9\tex\latex\base\size12.clo"
File: size12.clo 2007/10/19 v1.4h Standard LaTeX file (size option)
)
\c@part=\count79
\c@section=\count80
\c@subsection=\count81
\c@subsubsection=\count82
\c@paragraph=\count83
\c@subparagraph=\count84
\c@figure=\count85
\c@table=\count86
\abovecaptionskip=\skip41
\belowcaptionskip=\skip42
\bibindent=\dimen102
)
("C:\Program Files\MiKTeX 2.9\tex\generic\babel\babel.sty"
Package: babel 2008/07/08 v3.8m The Babel package

*************************************
* Local config file bblopts.cfg used
*
("C:\Program Files\MiKTeX 2.9\tex\latex\00miktex\bblopts.cfg"
File: bblopts.cfg 2006/07/31 v1.0 MiKTeX 'babel' configuration
)
("C:\Program Files\MiKTeX 2.9\tex\generic\babel\english.ldf"
Language: english 2005/03/30 v3.3o English support from the babel system

("C:\Program Files\MiKTeX 2.9\tex\generic\babel\babel.def"
File: babel.def 2008/07/08 v3.8m Babel common definitions
\babel@savecnt=\count87
\U@D=\dimen103
)
\l@canadian = a dialect from \language\l@american 
\l@australian = a dialect from \language\l@british 
\l@newzealand = a dialect from \language\l@british 
))
("C:\Program Files\MiKTeX 2.9\tex\latex\base\inputenc.sty"
Package: inputenc 2008/03/30 v1.1d Input encoding file
\inpenc@prehook=\toks14
\inpenc@posthook=\toks15

("C:\Program Files\MiKTeX 2.9\tex\latex\ucs\utf8x.def"
File: utf8x.def 2004/10/17 UCS: Input encoding UTF-8
))
("C:\Program Files\MiKTeX 2.9\tex\latex\ucs\ucs.sty"
Package: ucs 2013/05/11 v2.2 UCS: Unicode input support

("C:\Program Files\MiKTeX 2.9\tex\latex\ucs\uni-global.def"
File: uni-global.def 2013/05/13 UCS: Unicode global data
)
\uc@secondtry=\count88
\uc@combtoks=\toks16
\uc@combtoksb=\toks17
\uc@temptokena=\toks18
)
("C:\Program Files\MiKTeX 2.9\tex\latex\pdfpages\pdfpages.sty"
Package: pdfpages 2012/08/31 v0.4t Insert pages of external PDF documents (AM)

("C:\Program Files\MiKTeX 2.9\tex\latex\base\ifthen.sty"
Package: ifthen 2001/05/26 v1.1c Standard LaTeX ifthen package (DPC)
)
("C:\Program Files\MiKTeX 2.9\tex\latex\tools\calc.sty"
Package: calc 2007/08/22 v4.3 Infix arithmetic (KKT,FJ)
\calc@Acount=\count89
\calc@Bcount=\count90
\calc@Adimen=\dimen104
\calc@Bdimen=\dimen105
\calc@Askip=\skip43
\calc@Bskip=\skip44
LaTeX Info: Redefining \setlength on input line 76.
LaTeX Info: Redefining \addtolength on input line 77.
\calc@Ccount=\count91
\calc@Cskip=\skip45
)
("C:\Program Files\MiKTeX 2.9\tex\latex\eso-pic\eso-pic.sty"
Package: eso-pic 2010/10/06 v2.0c eso-pic (RN)

("C:\Program Files\MiKTeX 2.9\tex\generic\oberdiek\atbegshi.sty"
Package: atbegshi 2011/10/05 v1.16 At begin shipout hook (HO)

("C:\Program Files\MiKTeX 2.9\tex\generic\oberdiek\infwarerr.sty"
Package: infwarerr 2010/04/08 v1.3 Providing info/warning/error messages (HO)
)
("C:\Program Files\MiKTeX 2.9\tex\generic\oberdiek\ltxcmds.sty"
Package: ltxcmds 2011/11/09 v1.22 LaTeX kernel commands for general use (HO)
)
("C:\Program Files\MiKTeX 2.9\tex\generic\oberdiek\ifpdf.sty"
Package: ifpdf 2011/01/30 v2.3 Provides the ifpdf switch (HO)
Package ifpdf Info: pdfTeX in PDF mode is detected.
))
("C:\Program Files\MiKTeX 2.9\tex\latex\graphics\keyval.sty"
Package: keyval 1999/03/16 v1.13 key=value parser (DPC)
\KV@toks@=\toks19
)
("C:\Program Files\MiKTeX 2.9\tex\latex\xcolor\xcolor.sty"
Package: xcolor 2007/01/21 v2.11 LaTeX color extensions (UK)

("C:\Program Files\MiKTeX 2.9\tex\latex\00miktex\color.cfg"
File: color.cfg 2007/01/18 v1.5 color configuration of teTeX/TeXLive
)
Package xcolor Info: Driver file: pdftex.def on input line 225.

("C:\Program Files\MiKTeX 2.9\tex\latex\pdftex-def\pdftex.def"
File: pdftex.def 2011/05/27 v0.06d Graphics/color for pdfTeX
\Gread@gobject=\count92
)
Package xcolor Info: Model `cmy' substituted by `cmy0' on input line 1337.
Package xcolor Info: Model `hsb' substituted by `rgb' on input line 1341.
Package xcolor Info: Model `RGB' extended on input line 1353.
Package xcolor Info: Model `HTML' substituted by `rgb' on input line 1355.
Package xcolor Info: Model `Hsb' substituted by `hsb' on input line 1356.
Package xcolor Info: Model `tHsb' substituted by `hsb' on input line 1357.
Package xcolor Info: Model `HSB' substituted by `hsb' on input line 1358.
Package xcolor Info: Model `Gray' substituted by `gray' on input line 1359.
Package xcolor Info: Model `wave' substituted by `hsb' on input line 1360.
))
("C:\Program Files\MiKTeX 2.9\tex\latex\graphics\graphicx.sty"
Package: graphicx 1999/02/16 v1.0f Enhanced LaTeX Graphics (DPC,SPQR)

("C:\Program Files\MiKTeX 2.9\tex\latex\graphics\graphics.sty"
Package: graphics 2009/02/05 v1.0o Standard LaTeX Graphics (DPC,SPQR)

("C:\Program Files\MiKTeX 2.9\tex\latex\graphics\trig.sty"
Package: trig 1999/03/16 v1.09 sin cos tan (DPC)
)
("C:\Program Files\MiKTeX 2.9\tex\latex\00miktex\graphics.cfg"
File: graphics.cfg 2007/01/18 v1.5 graphics configuration of teTeX/TeXLive
)
Package graphics Info: Driver file: pdftex.def on input line 91.
)
\Gin@req@height=\dimen106
\Gin@req@width=\dimen107
)
("C:\Program Files\MiKTeX 2.9\tex\latex\pdfpages\pppdftex.def"
File: pppdftex.def 2012/08/31 v0.4t Pdfpages driver for pdfTeX (AM)
)
\AM@pagebox=\box26
\AM@toc@title=\toks20
\c@AM@survey=\count93
\AM@templatesizebox=\box27
)
("C:\Program Files\MiKTeX 2.9\tex\latex\lastpage\lastpage.sty"
Package: lastpage 2013/01/28 v1.2l Refers to last page's name (HMM; JPG)
)
("C:\Program Files\MiKTeX 2.9\tex\latex\fancyhdr\extramarks.sty"
\@temptokenb=\toks21
)
("C:\Program Files\MiKTeX 2.9\tex\latex\caption\caption.sty"
Package: caption 2013/05/02 v3.3-89 Customizing captions (AR)

("C:\Program Files\MiKTeX 2.9\tex\latex\caption\caption3.sty"
Package: caption3 2013/05/02 v1.6-88 caption3 kernel (AR)
Package caption3 Info: TeX engine: e-TeX on input line 57.
\captionmargin=\dimen108
\captionmargin@=\dimen109
\captionwidth=\dimen110
\caption@tempdima=\dimen111
\caption@indent=\dimen112
\caption@parindent=\dimen113
\caption@hangindent=\dimen114
)
\c@ContinuedFloat=\count94
)
("C:\Program Files\MiKTeX 2.9\tex\latex\caption\subcaption.sty"
Package: subcaption 2013/02/03 v1.1-62 Sub-captions (AR)
\c@subfigure=\count95
\c@subtable=\count96
)
("C:\Program Files\MiKTeX 2.9\tex\latex\listings\listings.sty"
\lst@mode=\count97
\lst@gtempboxa=\box28
\lst@token=\toks22
\lst@length=\count98
\lst@currlwidth=\dimen115
\lst@column=\count99
\lst@pos=\count100
\lst@lostspace=\dimen116
\lst@width=\dimen117
\lst@newlines=\count101
\lst@lineno=\count102
\lst@maxwidth=\dimen118

("C:\Program Files\MiKTeX 2.9\tex\latex\listings\lstmisc.sty"
File: lstmisc.sty 2007/02/22 1.4 (Carsten Heinz)
\c@lstnumber=\count103
\lst@skipnumbers=\count104
\lst@framebox=\box29
)
("C:\Program Files\MiKTeX 2.9\tex\latex\listings\listings.cfg"
File: listings.cfg 2007/02/22 1.4 listings configuration
))
Package: listings 2007/02/22 1.4 (Carsten Heinz)

("C:\Program Files\MiKTeX 2.9\tex\latex\psnfss\courier.sty"
Package: courier 2005/04/12 PSNFSS-v9.2a (WaS) 
)
("C:\Program Files\MiKTeX 2.9\tex\latex\oberdiek\grffile.sty"
Package: grffile 2012/04/05 v1.16 Extended file name support for graphics (HO)

("C:\Program Files\MiKTeX 2.9\tex\generic\ifxetex\ifxetex.sty"
Package: ifxetex 2010/09/12 v0.6 Provides ifxetex conditional
)
("C:\Program Files\MiKTeX 2.9\tex\latex\oberdiek\kvoptions.sty"
Package: kvoptions 2011/06/30 v3.11 Key value format for package options (HO)

("C:\Program Files\MiKTeX 2.9\tex\generic\oberdiek\kvsetkeys.sty"
Package: kvsetkeys 2012/04/25 v1.16 Key value parser (HO)

("C:\Program Files\MiKTeX 2.9\tex\generic\oberdiek\etexcmds.sty"
Package: etexcmds 2011/02/16 v1.5 Avoid name clashes with e-TeX commands (HO)

("C:\Program Files\MiKTeX 2.9\tex\generic\oberdiek\ifluatex.sty"
Package: ifluatex 2010/03/01 v1.3 Provides the ifluatex switch (HO)
Package ifluatex Info: LuaTeX not detected.
)
Package etexcmds Info: Could not find \expanded.
(etexcmds)             That can mean that you are not using pdfTeX 1.50 or
(etexcmds)             that some package has redefined \expanded.
(etexcmds)             In the latter case, load this package earlier.
)))
("C:\Program Files\MiKTeX 2.9\tex\generic\oberdiek\pdftexcmds.sty"
Package: pdftexcmds 2011/11/29 v0.20 Utility functions of pdfTeX for LuaTeX (HO
)
Package pdftexcmds Info: LuaTeX not detected.
Package pdftexcmds Info: \pdf@primitive is available.
Package pdftexcmds Info: \pdf@ifprimitive is available.
Package pdftexcmds Info: \pdfdraftmode found.
)
Package grffile Info: Option `multidot' is set to `true'.
Package grffile Info: Option `extendedchars' is set to `false'.
Package grffile Info: Option `space' is set to `true'.
Package grffile Info: \Gin@ii of package `graphicx' fixed on input line 486.
)
("C:\Program Files\MiKTeX 2.9\tex\latex\float\float.sty"
Package: float 2001/11/08 v1.3d Float enhancements (AL)
\c@float@type=\count105
\float@exts=\toks23
\float@box=\box30
\@float@everytoks=\toks24
\@floatcapt=\box31
)
("C:\Program Files\MiKTeX 2.9\tex\latex\geometry\geometry.sty"
Package: geometry 2010/09/12 v5.6 Page Geometry

("C:\Program Files\MiKTeX 2.9\tex\generic\oberdiek\ifvtex.sty"
Package: ifvtex 2010/03/01 v1.5 Detect VTeX and its facilities (HO)
Package ifvtex Info: VTeX not detected.
)
\Gm@cnth=\count106
\Gm@cntv=\count107
\c@Gm@tempcnt=\count108
\Gm@bindingoffset=\dimen119
\Gm@wd@mp=\dimen120
\Gm@odd@mp=\dimen121
\Gm@even@mp=\dimen122
\Gm@layoutwidth=\dimen123
\Gm@layoutheight=\dimen124
\Gm@layouthoffset=\dimen125
\Gm@layoutvoffset=\dimen126
\Gm@dimlist=\toks25

("C:\Program Files\MiKTeX 2.9\tex\latex\geometry\geometry.cfg"))
(C:\Sc\Project-Postdoc\Functional_Req_Application_Des_Specs\Functional_Requirme
nts_Application_Design_document.aux)
LaTeX Font Info:    Checking defaults for OML/cmm/m/it on input line 41.
LaTeX Font Info:    ... okay on input line 41.
LaTeX Font Info:    Checking defaults for T1/cmr/m/n on input line 41.
LaTeX Font Info:    ... okay on input line 41.
LaTeX Font Info:    Checking defaults for OT1/cmr/m/n on input line 41.
LaTeX Font Info:    ... okay on input line 41.
LaTeX Font Info:    Checking defaults for OMS/cmsy/m/n on input line 41.
LaTeX Font Info:    ... okay on input line 41.
LaTeX Font Info:    Checking defaults for OMX/cmex/m/n on input line 41.
LaTeX Font Info:    ... okay on input line 41.
LaTeX Font Info:    Checking defaults for U/cmr/m/n on input line 41.
LaTeX Font Info:    ... okay on input line 41.

("C:\Program Files\MiKTeX 2.9\tex\latex\ucs\ucsencs.def"
File: ucsencs.def 2011/01/21 Fixes to fontencodings LGR, T3
)
\AtBeginShipoutBox=\box32

("C:\Program Files\MiKTeX 2.9\tex\context\base\supp-pdf.mkii"
[Loading MPS to PDF converter (version 2006.09.02).]
\scratchcounter=\count109
\scratchdimen=\dimen127
\scratchbox=\box33
\nofMPsegments=\count110
\nofMParguments=\count111
\everyMPshowfont=\toks26
\MPscratchCnt=\count112
\MPscratchDim=\dimen128
\MPnumerator=\count113
\makeMPintoPDFobject=\count114
\everyMPtoPDFconversion=\toks27
)
Package lastpage Info: Please have a look at the pageslts package at
(lastpage)             http://www.ctan.org/tex-archive/ 
(lastpage)             macros/latex/contrib/pageslts/ 
(lastpage)             or
(lastpage)             http://www.ctan.org/tex-archive/ 
(lastpage)             install/macros/latex/contrib/pageslts.tds.zip
(lastpage)             ! on input line 41.
Package caption Info: Begin \AtBeginDocument code.
Package caption Info: float package is loaded.
Package caption Info: listings package is loaded.
Package caption Info: End \AtBeginDocument code.
\c@lstlisting=\count115

*geometry* driver: auto-detecting
*geometry* detected driver: pdftex
*geometry* verbose mode - [ preamble ] result:
* driver: pdftex
* paper: a4paper
* layout: <same size as paper>
* layoutoffset:(h,v)=(0.0pt,0.0pt)
* modes: 
* h-part:(L,W,R)=(81.94394pt, 433.62pt, 81.94394pt)
* v-part:(T,H,B)=(106.75473pt, 578.15999pt, 160.13213pt)
* \paperwidth=597.50787pt
* \paperheight=845.04684pt
* \textwidth=469.75499pt
* \textheight=650.43pt
* \oddsidemargin=0.0pt
* \evensidemargin=0.0pt
* \topmargin=-32.52127pt
* \headheight=12.0pt
* \headsep=18.06749pt
* \topskip=12.0pt
* \footskip=30.0pt
* \marginparwidth=44.0pt
* \marginparsep=10.0pt
* \columnsep=10.0pt
* \skip\footins=10.8pt plus 4.0pt minus 2.0pt
* \hoffset=0.0pt
* \voffset=0.0pt
* \mag=1000
* \@twocolumnfalse
* \@twosidefalse
* \@mparswitchfalse
* \@reversemarginfalse
* (1in=72.27pt=25.4mm, 1cm=28.453pt)

<../Images_Docs/logo.png, id=1, 369.63094pt x 170.88844pt>
File: ../Images_Docs/logo.png Graphic file (type png)

<use ../Images_Docs/logo.png>
Package pdftex.def Info: ../Images_Docs/logo.png used on input line 50.
(pdftex.def)             Requested size: 369.63002pt x 170.88802pt.

("C:\Program Files\MiKTeX 2.9\tex\latex\ucs\uni-32.def"
File: uni-32.def 2013/05/13 UCS: Unicode data U+2000..U+20FF
)
LaTeX Font Info:    External font `cmex10' loaded for size
(Font)              <12> on input line 72.
LaTeX Font Info:    External font `cmex10' loaded for size
(Font)              <8> on input line 72.
LaTeX Font Info:    External font `cmex10' loaded for size
(Font)              <6> on input line 72.
 [1

{C:/ProgramData/MiKTeX/2.9/pdftex/config/pdftex.map} <C:/Sc/Project-Postdoc/Ima
ges_Docs/logo.png>]
[2]
(C:\Sc\Project-Postdoc\Functional_Req_Application_Des_Specs\Functional_Requirme
nts_Application_Design_document.toc [3])
\tf@toc=\write3
 [4]
(C:\Sc\Project-Postdoc\Functional_Req_Application_Des_Specs\Functional_Requirme
nts_Application_Design_document.lof [5] [6])
\tf@lof=\write4
 [7] [8]
LaTeX Font Info:    Try loading font information for OMS+cmr on input line 150.


("C:\Program Files\MiKTeX 2.9\tex\latex\base\omscmr.fd"
File: omscmr.fd 1999/05/25 v2.5h Standard LaTeX font definitions
)
LaTeX Font Info:    Font shape `OMS/cmr/m/n' in size <12> not available
(Font)              Font shape `OMS/cmsy/m/n' tried instead on input line 150.
 [9]
Overfull \hbox (17.31992pt too wide) in paragraph at lines 179--180
[]\OT1/cmr/m/n/12 DRIS home-page. [on-line] Avail-able: \OT1/cmr/m/it/12 http:/
/web.up.ac.za/default.asp?ipkCategoryID=1630
 []

[10] [11] [12] [13] [14] [15] [16] [17]
<../Images_Docs/Diagrams/Use case diagrams/Post-doctral fellowship management s
ystem1.jpg, id=62, 359.9046pt x 303.0522pt>
File: ../Images_Docs/Diagrams/Use case diagrams/Post-doctral fellowship managem
ent system1.jpg Graphic file (type jpg)

<use ../Images_Docs/Diagrams/Use case diagrams/Post-doctral fellowship manageme
nt system1.jpg>
Package pdftex.def Info: ../Images_Docs/Diagrams/Use case diagrams/Post-doctral
 fellowship management system1.jpg used on input line 384.
(pdftex.def)             Requested size: 359.90372pt x 303.05145pt.
 [18]
<../Images_Docs/Diagrams/Use case diagrams/Application services1.jpg, id=66, 48
9.9906pt x 261.6174pt>
File: ../Images_Docs/Diagrams/Use case diagrams/Application services1.jpg Graph
ic file (type jpg)

<use ../Images_Docs/Diagrams/Use case diagrams/Application services1.jpg>
Package pdftex.def Info: ../Images_Docs/Diagrams/Use case diagrams/Application 
services1.jpg used on input line 390.
(pdftex.def)             Requested size: 489.9894pt x 261.61674pt.

Overfull \hbox (24.2344pt too wide) in paragraph at lines 390--391
 [][] 
 []

[19 <C:/Sc/Project-Postdoc/Images_Docs/Diagrams/Use case diagrams/Post-doctral 
fellowship management system1.jpg>]
<../Images_Docs/Diagrams/Use case diagrams/Report services1.jpg, id=71, 455.782
8pt x 443.256pt>
File: ../Images_Docs/Diagrams/Use case diagrams/Report services1.jpg Graphic fi
le (type jpg)

<use ../Images_Docs/Diagrams/Use case diagrams/Report services1.jpg>
Package pdftex.def Info: ../Images_Docs/Diagrams/Use case diagrams/Report servi
ces1.jpg used on input line 396.
(pdftex.def)             Requested size: 273.47179pt x 265.95564pt.

<../Images_Docs/Diagrams/Use case diagrams/Notification services1.jpg, id=72, 5
75.751pt x 312.6882pt>
File: ../Images_Docs/Diagrams/Use case diagrams/Notification services1.jpg Grap
hic file (type jpg)

<use ../Images_Docs/Diagrams/Use case diagrams/Notification services1.jpg>
Package pdftex.def Info: ../Images_Docs/Diagrams/Use case diagrams/Notification
 services1.jpg used on input line 402.
(pdftex.def)             Requested size: 345.45326pt x 187.61435pt.

[20 <C:/Sc/Project-Postdoc/Images_Docs/Diagrams/Use case diagrams/Application s
ervices1.jpg> <C:/Sc/Project-Postdoc/Images_Docs/Diagrams/Use case diagrams/Rep
ort services1.jpg>]
<../Images_Docs/Diagrams/Use case diagrams/User account management services1.jp
g, id=76, 487.0998pt x 338.7054pt>
File: ../Images_Docs/Diagrams/Use case diagrams/User account management service
s1.jpg Graphic file (type jpg)

<use ../Images_Docs/Diagrams/Use case diagrams/User account management services
1.jpg>
Package pdftex.def Info: ../Images_Docs/Diagrams/Use case diagrams/User account
 management services1.jpg used on input line 408.
(pdftex.def)             Requested size: 365.32394pt x 254.02843pt.

<../Images_Docs/Diagrams/Use case diagrams/User gateway1.jpg, id=77, 455.301pt 
x 312.6882pt>
File: ../Images_Docs/Diagrams/Use case diagrams/User gateway1.jpg Graphic file 
(type jpg)

<use ../Images_Docs/Diagrams/Use case diagrams/User gateway1.jpg>
Package pdftex.def Info: ../Images_Docs/Diagrams/Use case diagrams/User gateway
1.jpg used on input line 414.
(pdftex.def)             Requested size: 341.4749pt x 234.51556pt.
 [21 <C:/Sc/Project-Postdoc/Images_Docs/Diagrams/Use case diagrams/Notification
 services1.jpg> <C:/Sc/Project-Postdoc/Images_Docs/Diagrams/Use case diagrams/U
ser account management services1.jpg>]
<../Images_Docs/Diagrams/Use case diagrams/Audit-Trail services1.jpg, id=81, 36
4.2408pt x 234.6366pt>
File: ../Images_Docs/Diagrams/Use case diagrams/Audit-Trail services1.jpg Graph
ic file (type jpg)

<use ../Images_Docs/Diagrams/Use case diagrams/Audit-Trail services1.jpg>
Package pdftex.def Info: ../Images_Docs/Diagrams/Use case diagrams/Audit-Trail 
services1.jpg used on input line 420.
(pdftex.def)             Requested size: 364.23991pt x 234.63602pt.

<../Images_Docs/Diagrams/Use case diagrams/Archival services1.jpg, id=82, 509.2
626pt x 263.0628pt>
File: ../Images_Docs/Diagrams/Use case diagrams/Archival services1.jpg Graphic 
file (type jpg)

<use ../Images_Docs/Diagrams/Use case diagrams/Archival services1.jpg>
Package pdftex.def Info: ../Images_Docs/Diagrams/Use case diagrams/Archival ser
vices1.jpg used on input line 426.
(pdftex.def)             Requested size: 381.94601pt x 197.2966pt.
 [22 <C:/Sc/Project-Postdoc/Images_Docs/Diagrams/Use case diagrams/User gateway
1.jpg> <C:/Sc/Project-Postdoc/Images_Docs/Diagrams/Use case diagrams/Audit-Trai
l services1.jpg>]
<../Images_Docs/Diagrams/Use case diagrams/Imports and exports services1.jpg, i
d=86, 563.2242pt x 451.4466pt>
File: ../Images_Docs/Diagrams/Use case diagrams/Imports and exports services1.j
pg Graphic file (type jpg)

<use ../Images_Docs/Diagrams/Use case diagrams/Imports and exports services1.jp
g>
Package pdftex.def Info: ../Images_Docs/Diagrams/Use case diagrams/Imports and 
exports services1.jpg used on input line 432.
(pdftex.def)             Requested size: 450.57997pt x 361.15776pt.

<../Images_Docs/Diagrams/Use case diagrams/Application progress viewer service1
.jpg, id=87, 378.213pt x 287.1528pt>
File: ../Images_Docs/Diagrams/Use case diagrams/Application progress viewer ser
vice1.jpg Graphic file (type jpg)

<use ../Images_Docs/Diagrams/Use case diagrams/Application progress viewer serv
ice1.jpg>
Package pdftex.def Info: ../Images_Docs/Diagrams/Use case diagrams/Application 
progress viewer service1.jpg used on input line 438.
(pdftex.def)             Requested size: 378.21207pt x 287.15208pt.
 [23 <C:/Sc/Project-Postdoc/Images_Docs/Diagrams/Use case diagrams/Archival ser
vices1.jpg> <C:/Sc/Project-Postdoc/Images_Docs/Diagrams/Use case diagrams/Impor
ts and exports services1.jpg>]
<../Images_Docs/Diagrams/Use case diagrams/New fellowship application service1.
jpg, id=91, 544.9158pt x 293.898pt>
File: ../Images_Docs/Diagrams/Use case diagrams/New fellowship application serv
ice1.jpg Graphic file (type jpg)

<use ../Images_Docs/Diagrams/Use case diagrams/New fellowship application servi
ce1.jpg>
Package pdftex.def Info: ../Images_Docs/Diagrams/Use case diagrams/New fellowsh
ip application service1.jpg used on input line 444.
(pdftex.def)             Requested size: 490.41968pt x 264.50574pt.

Overfull \hbox (24.66469pt too wide) in paragraph at lines 444--445
 [][] 
 []


<../Images_Docs/Diagrams/Use case diagrams/Application renewal service1.jpg, id
=92, 432.6564pt x 315.0972pt>
File: ../Images_Docs/Diagrams/Use case diagrams/Application renewal service1.jp
g Graphic file (type jpg)

<use ../Images_Docs/Diagrams/Use case diagrams/Application renewal service1.jpg
>
Package pdftex.def Info: ../Images_Docs/Diagrams/Use case diagrams/Application 
renewal service1.jpg used on input line 450.
(pdftex.def)             Requested size: 346.1256pt x 252.0781pt.
 [24 <C:/Sc/Project-Postdoc/Images_Docs/Diagrams/Use case diagrams/Application 
progress viewer service1.jpg> <C:/Sc/Project-Postdoc/Images_Docs/Diagrams/Use c
ase diagrams/New fellowship application service1.jpg>]
<../Images_Docs/Diagrams/Use case diagrams/Referees' report service1.jpg, id=96
, 429.7656pt x 224.037pt>
File: ../Images_Docs/Diagrams/Use case diagrams/Referees' report service1.jpg G
raphic file (type jpg)

<use ../Images_Docs/Diagrams/Use case diagrams/Referees' report service1.jpg>
Package pdftex.def Info: ../Images_Docs/Diagrams/Use case diagrams/Referees' re
port service1.jpg used on input line 456.
(pdftex.def)             Requested size: 343.81294pt x 179.22983pt.

<../Images_Docs/Diagrams/Use case diagrams/Grant holder application finalisatio
n service1.jpg, id=97, 477.9456pt x 415.7934pt>
File: ../Images_Docs/Diagrams/Use case diagrams/Grant holder application finali
sation service1.jpg Graphic file (type jpg)

<use ../Images_Docs/Diagrams/Use case diagrams/Grant holder application finalis
ation service1.jpg>
Package pdftex.def Info: ../Images_Docs/Diagrams/Use case diagrams/Grant holder
 application finalisation service1.jpg used on input line 462.
(pdftex.def)             Requested size: 358.45831pt x 311.84427pt.
 [25 <C:/Sc/Project-Postdoc/Images_Docs/Diagrams/Use case diagrams/Application 
renewal service1.jpg> <C:/Sc/Project-Postdoc/Images_Docs/Diagrams/Use case diag
rams/Referees' report service1.jpg>]
<../Images_Docs/Diagrams/Use case diagrams/HOD Approval service1.jpg, id=102, 5
35.7616pt x 436.029pt>
File: ../Images_Docs/Diagrams/Use case diagrams/HOD Approval service1.jpg Graph
ic file (type jpg)

<use ../Images_Docs/Diagrams/Use case diagrams/HOD Approval service1.jpg>
Package pdftex.def Info: ../Images_Docs/Diagrams/Use case diagrams/HOD Approval
 service1.jpg used on input line 474.
(pdftex.def)             Requested size: 401.8202pt x 327.02094pt.

[26 <C:/Sc/Project-Postdoc/Images_Docs/Diagrams/Use case diagrams/Grant holder 
application finalisation service1.jpg>]
<../Images_Docs/Diagrams/Use case diagrams/Dean endorsement service1.jpg, id=10
6, 507.8172pt x 299.1978pt>
File: ../Images_Docs/Diagrams/Use case diagrams/Dean endorsement service1.jpg G
raphic file (type jpg)

<use ../Images_Docs/Diagrams/Use case diagrams/Dean endorsement service1.jpg>
Package pdftex.def Info: ../Images_Docs/Diagrams/Use case diagrams/Dean endorse
ment service1.jpg used on input line 480.
(pdftex.def)             Requested size: 355.4696pt x 209.43701pt.

<../Images_Docs/Diagrams/Use case diagrams/DRIS approval service1.jpg, id=107, 
567.5604pt x 464.4552pt>
File: ../Images_Docs/Diagrams/Use case diagrams/DRIS approval service1.jpg Grap
hic file (type jpg)

<use ../Images_Docs/Diagrams/Use case diagrams/DRIS approval service1.jpg>
Package pdftex.def Info: ../Images_Docs/Diagrams/Use case diagrams/DRIS approva
l service1.jpg used on input line 486.
(pdftex.def)             Requested size: 397.28957pt x 325.11641pt.

[27 <C:/Sc/Project-Postdoc/Images_Docs/Diagrams/Use case diagrams/HOD Approval 
service1.jpg> <C:/Sc/Project-Postdoc/Images_Docs/Diagrams/Use case diagrams/Dea
n endorsement service1.jpg>]
<../Images_Docs/Diagrams/Use case diagrams/Progress Report Management Service1.
jpg, id=111, 416.2752pt x 279.9258pt>
File: ../Images_Docs/Diagrams/Use case diagrams/Progress Report Management Serv
ice1.jpg Graphic file (type jpg)

<use ../Images_Docs/Diagrams/Use case diagrams/Progress Report Management Servi
ce1.jpg>
Package pdftex.def Info: ../Images_Docs/Diagrams/Use case diagrams/Progress Rep
ort Management Service1.jpg used on input line 492.
(pdftex.def)             Requested size: 312.20563pt x 209.94383pt.

<../Images_Docs/Diagrams/Use case diagrams/Meeting management service1.jpg, id=
112, 545.8794pt x 411.4572pt>
File: ../Images_Docs/Diagrams/Use case diagrams/Meeting management service1.jpg
 Graphic file (type jpg)

<use ../Images_Docs/Diagrams/Use case diagrams/Meeting management service1.jpg>
Package pdftex.def Info: ../Images_Docs/Diagrams/Use case diagrams/Meeting mana
gement service1.jpg used on input line 498.
(pdftex.def)             Requested size: 491.28691pt x 370.30804pt.

Overfull \hbox (25.53192pt too wide) in paragraph at lines 498--499
 [][] 
 []

[28 <C:/Sc/Project-Postdoc/Images_Docs/Diagrams/Use case diagrams/DRIS approval
 service1.jpg> <C:/Sc/Project-Postdoc/Images_Docs/Diagrams/Use case diagrams/Pr
ogress Report Management Service1.jpg>]
<../Images_Docs/Diagrams/Use case diagrams/Location Management Service1.jpg, id
=116, 449.5194pt x 342.5598pt>
File: ../Images_Docs/Diagrams/Use case diagrams/Location Management Service1.jp
g Graphic file (type jpg)

<use ../Images_Docs/Diagrams/Use case diagrams/Location Management Service1.jpg
>
Package pdftex.def Info: ../Images_Docs/Diagrams/Use case diagrams/Location Man
agement Service1.jpg used on input line 504.
(pdftex.def)             Requested size: 404.5637pt x 308.30095pt.
 [29 <C:/Sc/Project-Postdoc/Images_Docs/Diagrams/Use case diagrams/Meeting mana
gement service1.jpg>]
<../Images_Docs/Diagrams/Use case diagrams/Forward and Rewind Service1.jpg, id=
120, 424.4658pt x 247.6452pt>
File: ../Images_Docs/Diagrams/Use case diagrams/Forward and Rewind Service1.jpg
 Graphic file (type jpg)

<use ../Images_Docs/Diagrams/Use case diagrams/Forward and Rewind Service1.jpg>
Package pdftex.def Info: ../Images_Docs/Diagrams/Use case diagrams/Forward and 
Rewind Service1.jpg used on input line 510.
(pdftex.def)             Requested size: 382.01569pt x 222.8786pt.
[30 <C:/Sc/Project-Postdoc/Images_Docs/Diagrams/Use case diagrams/Location Mana
gement Service1.jpg> <C:/Sc/Project-Postdoc/Images_Docs/Diagrams/Use case diagr
ams/Forward and Rewind Service1.jpg>]
Underfull \hbox (badness 10000) in paragraph at lines 517--518

 []

[31]
Underfull \hbox (badness 10000) in paragraph at lines 578--579

 []


Underfull \hbox (badness 10000) in paragraph at lines 581--582

 []

[32] [33] [34] [35] [36]
Underfull \hbox (badness 10000) in paragraph at lines 736--737

 []

[37] [38]
Overfull \hbox (1.86784pt too wide) in paragraph at lines 807--808
[]\OT1/cmr/m/n/12 Import de-part-ments in-for-ma-tion: The spec-i-fied de-part-
ment is now in the database. 
 []

[39] [40] [41] [42] [43] [44] [45]
<../Images_Docs/Diagrams/Process specs/Login user.jpg, id=172, 418.6842pt x 405
.1938pt>
File: ../Images_Docs/Diagrams/Process specs/Login user.jpg Graphic file (type j
pg)
 <use ../Images_Docs/Diagrams/Process specs/Login user.jpg>
Package pdftex.def Info: ../Images_Docs/Diagrams/Process specs/Login user.jpg u
sed on input line 968.
(pdftex.def)             Requested size: 293.07693pt x 283.63373pt.

<../Images_Docs/Diagrams/Process specs/Generate user on-demand account.jpg, id=
173, 419.166pt x 355.5684pt>
File: ../Images_Docs/Diagrams/Process specs/Generate user on-demand account.jpg
 Graphic file (type jpg)

<use ../Images_Docs/Diagrams/Process specs/Generate user on-demand account.jpg>
Package pdftex.def Info: ../Images_Docs/Diagrams/Process specs/Generate user on
-demand account.jpg used on input line 974.
(pdftex.def)             Requested size: 272.45467pt x 231.11671pt.

<../Images_Docs/Diagrams/Process specs/Activate user on-demand account.jpg, id=
174, 454.8192pt x 460.6008pt>
File: ../Images_Docs/Diagrams/Process specs/Activate user on-demand account.jpg
 Graphic file (type jpg)

<use ../Images_Docs/Diagrams/Process specs/Activate user on-demand account.jpg>
Package pdftex.def Info: ../Images_Docs/Diagrams/Process specs/Activate user on
-demand account.jpg used on input line 981.
(pdftex.def)             Requested size: 454.81808pt x 460.59967pt.
[46 <C:/Sc/Project-Postdoc/Images_Docs/Diagrams/Process specs/Login user.jpg> <
C:/Sc/Project-Postdoc/Images_Docs/Diagrams/Process specs/Generate user on-deman
d account.jpg>]
<../Images_Docs/Diagrams/Process specs/Authenticate user.jpg, id=178, 465.9006p
t x 557.4426pt>
File: ../Images_Docs/Diagrams/Process specs/Authenticate user.jpg Graphic file 
(type jpg)

<use ../Images_Docs/Diagrams/Process specs/Authenticate user.jpg>
Package pdftex.def Info: ../Images_Docs/Diagrams/Process specs/Authenticate use
r.jpg used on input line 987.
(pdftex.def)             Requested size: 465.89946pt x 557.44122pt.
 [47 <C:/Sc/Project-Postdoc/Images_Docs/Diagrams/Process specs/Activate user on
-demand account.jpg>]
<../Images_Docs/Diagrams/Process specs/User account retrieval.jpg, id=182, 515.
0442pt x 627.7854pt>
File: ../Images_Docs/Diagrams/Process specs/User account retrieval.jpg Graphic 
file (type jpg)

<use ../Images_Docs/Diagrams/Process specs/User account retrieval.jpg>
Package pdftex.def Info: ../Images_Docs/Diagrams/Process specs/User account ret
rieval.jpg used on input line 993.
(pdftex.def)             Requested size: 515.04295pt x 627.78386pt.

Overfull \hbox (49.28796pt too wide) in paragraph at lines 993--994
 [][] 
 []

[48 <C:/Sc/Project-Postdoc/Images_Docs/Diagrams/Process specs/Authenticate user
.jpg>]
Overfull \vbox (7.30394pt too high) has occurred while \output is active []


[49 <C:/Sc/Project-Postdoc/Images_Docs/Diagrams/Process specs/User account retr
ieval.jpg>]
<../Images_Docs/Diagrams/Process specs/Load pending applications.jpg, id=190, 5
42.025pt x 595.023pt>
File: ../Images_Docs/Diagrams/Process specs/Load pending applications.jpg Graph
ic file (type jpg)

<use ../Images_Docs/Diagrams/Process specs/Load pending applications.jpg>
Package pdftex.def Info: ../Images_Docs/Diagrams/Process specs/Load pending app
lications.jpg used on input line 999.
(pdftex.def)             Requested size: 542.02367pt x 595.02155pt.

Overfull \hbox (76.26868pt too wide) in paragraph at lines 999--1000
 [][] 
 []


<../Images_Docs/Diagrams/Activity Diagrams/ApplicationProgressViewer/Get All Ap
plications.jpg, id=191, 1291.82625pt x 920.43875pt>
File: ../Images_Docs/Diagrams/Activity Diagrams/ApplicationProgressViewer/Get A
ll Applications.jpg Graphic file (type jpg)

<use ../Images_Docs/Diagrams/Activity Diagrams/ApplicationProgressViewer/Get Al
l Applications.jpg>
Package pdftex.def Info: ../Images_Docs/Diagrams/Activity Diagrams/ApplicationP
rogressViewer/Get All Applications.jpg used on input line 1007.
(pdftex.def)             Requested size: 322.95576pt x 230.10912pt.
 [50 <C:/Sc/Project-Postdoc/Images_Docs/Diagrams/Process specs/Load pending app
lications.jpg>]
<../Images_Docs/Diagrams/Activity Diagrams/ApplicationProgressViewer/View appli
cation progress.jpg, id=195, 1177.39874pt x 1209.51875pt>
File: ../Images_Docs/Diagrams/Activity Diagrams/ApplicationProgressViewer/View 
application progress.jpg Graphic file (type jpg)

<use ../Images_Docs/Diagrams/Activity Diagrams/ApplicationProgressViewer/View a
pplication progress.jpg>
Package pdftex.def Info: ../Images_Docs/Diagrams/Activity Diagrams/ApplicationP
rogressViewer/View application progress.jpg used on input line 1013.
(pdftex.def)             Requested size: 294.34897pt x 302.37895pt.

<../Images_Docs/Diagrams/Activity Diagrams/ApplicationRenewalService/Create Fin
al Progress Report For Application.jpg, id=196, 1231.60126pt x 854.19125pt>
File: ../Images_Docs/Diagrams/Activity Diagrams/ApplicationRenewalService/Creat
e Final Progress Report For Application.jpg Graphic file (type jpg)

<use ../Images_Docs/Diagrams/Activity Diagrams/ApplicationRenewalService/Create
 Final Progress Report For Application.jpg>
Package pdftex.def Info: ../Images_Docs/Diagrams/Activity Diagrams/ApplicationR
enewalService/Create Final Progress Report For Application.jpg used on input li
ne 1021.
(pdftex.def)             Requested size: 307.89955pt x 213.54729pt.
 [51 <C:/Sc/Project-Postdoc/Images_Docs/Diagrams/Activity Diagrams/ApplicationP
rogressViewer/Get All Applications.jpg> <C:/Sc/Project-Postdoc/Images_Docs/Diag
rams/Activity Diagrams/ApplicationProgressViewer/View application progress.jpg>
]
<../Images_Docs/Diagrams/Activity Diagrams/ApplicationRenewalService/Create ren
ewal Application.jpg, id=200, 1056.94875pt x 1239.63126pt>
File: ../Images_Docs/Diagrams/Activity Diagrams/ApplicationRenewalService/Creat
e renewal Application.jpg Graphic file (type jpg)

<use ../Images_Docs/Diagrams/Activity Diagrams/ApplicationRenewalService/Create
 renewal Application.jpg>
Package pdftex.def Info: ../Images_Docs/Diagrams/Activity Diagrams/ApplicationR
enewalService/Create renewal Application.jpg used on input line 1027.
(pdftex.def)             Requested size: 264.23654pt x 309.90706pt.

<../Images_Docs/Diagrams/Activity Diagrams/ApplicationRenewalService/Does Appli
cation Have Final Progress Report.jpg, id=201, 1225.57875pt x 1173.38374pt>
File: ../Images_Docs/Diagrams/Activity Diagrams/ApplicationRenewalService/Does 
Application Have Final Progress Report.jpg Graphic file (type jpg)

<use ../Images_Docs/Diagrams/Activity Diagrams/ApplicationRenewalService/Does A
pplication Have Final Progress Report.jpg>
Package pdftex.def Info: ../Images_Docs/Diagrams/Activity Diagrams/ApplicationR
enewalService/Does Application Have Final Progress Report.jpg used on input lin
e 1033.
(pdftex.def)             Requested size: 306.39394pt x 293.34521pt.
 [52 <C:/Sc/Project-Postdoc/Images_Docs/Diagrams/Activity Diagrams/ApplicationR
enewalService/Create Final Progress Report For Application.jpg> <C:/Sc/Project-
Postdoc/Images_Docs/Diagrams/Activity Diagrams/ApplicationRenewalService/Create
 renewal Application.jpg>]
<../Images_Docs/Diagrams/Activity Diagrams/ApplicationRenewalService/Get Renewa
ble Applications for Fellow.jpg, id=205, 1195.46625pt x 1305.87875pt>
File: ../Images_Docs/Diagrams/Activity Diagrams/ApplicationRenewalService/Get R
enewable Applications for Fellow.jpg Graphic file (type jpg)

<use ../Images_Docs/Diagrams/Activity Diagrams/ApplicationRenewalService/Get Re
newable Applications for Fellow.jpg>
Package pdftex.def Info: ../Images_Docs/Diagrams/Activity Diagrams/ApplicationR
enewalService/Get Renewable Applications for Fellow.jpg used on input line 1039
.
(pdftex.def)             Requested size: 298.86583pt x 326.46889pt.
 [53 <C:/Sc/Project-Postdoc/Images_Docs/Diagrams/Activity Diagrams/ApplicationR
enewalService/Does Application Have Final Progress Report.jpg>]
<../Images_Docs/Diagrams/Activity Diagrams/CV Management Service/Create CV.jpg,
 id=209, 1340.00626pt x 1077.02374pt>
File: ../Images_Docs/Diagrams/Activity Diagrams/CV Management Service/Create CV
.jpg Graphic file (type jpg)

<use ../Images_Docs/Diagrams/Activity Diagrams/CV Management Service/Create CV.
jpg>
Package pdftex.def Info: ../Images_Docs/Diagrams/Activity Diagrams/CV Managemen
t Service/Create CV.jpg used on input line 1047.
(pdftex.def)             Requested size: 335.00075pt x 269.25528pt.
 [54 <C:/Sc/Project-Postdoc/Images_Docs/Diagrams/Activity Diagrams/ApplicationR
enewalService/Get Renewable Applications for Fellow.jpg>]
<../Images_Docs/Diagrams/Activity Diagrams/CV Management Service/Update CV.jpg,
 id=213, 1153.30875pt x 1287.81125pt>
File: ../Images_Docs/Diagrams/Activity Diagrams/CV Management Service/Update CV
.jpg Graphic file (type jpg)

<use ../Images_Docs/Diagrams/Activity Diagrams/CV Management Service/Update CV.
jpg>
Package pdftex.def Info: ../Images_Docs/Diagrams/Activity Diagrams/CV Managemen
t Service/Update CV.jpg used on input line 1053.
(pdftex.def)             Requested size: 288.32648pt x 321.95203pt.
 [55 <C:/Sc/Project-Postdoc/Images_Docs/Diagrams/Activity Diagrams/CV Managemen
t Service/Create CV.jpg>]
<../Images_Docs/Diagrams/Activity Diagrams/Dean Endorsement/Deny Application.jp
g, id=218, 1111.15125pt x 926.46124pt>
File: ../Images_Docs/Diagrams/Activity Diagrams/Dean Endorsement/Deny Applicati
on.jpg Graphic file (type jpg)

<use ../Images_Docs/Diagrams/Activity Diagrams/Dean Endorsement/Deny Applicatio
n.jpg>
Package pdftex.def Info: ../Images_Docs/Diagrams/Activity Diagrams/Dean Endorse
ment/Deny Application.jpg used on input line 1061.
(pdftex.def)             Requested size: 277.78712pt x 231.61473pt.

<../Images_Docs/Diagrams/Activity Diagrams/Dean Endorsement/Endorse Application
.jpg, id=219, 1237.62375pt x 1010.77625pt>
File: ../Images_Docs/Diagrams/Activity Diagrams/Dean Endorsement/Endorse Applic
ation.jpg Graphic file (type jpg)

<use ../Images_Docs/Diagrams/Activity Diagrams/Dean Endorsement/Endorse Applica
tion.jpg>
Package pdftex.def Info: ../Images_Docs/Diagrams/Activity Diagrams/Dean Endorse
ment/Endorse Application.jpg used on input line 1067.
(pdftex.def)             Requested size: 309.40518pt x 252.69344pt.
 [56 <C:/Sc/Project-Postdoc/Images_Docs/Diagrams/Activity Diagrams/CV Managemen
t Service/Update CV.jpg> <C:/Sc/Project-Postdoc/Images_Docs/Diagrams/Activity D
iagrams/Dean Endorsement/Deny Application.jpg>]
<../Images_Docs/Diagrams/Activity Diagrams/DRISApprovalService/Approve Funding.
jpg, id=223, 1303.87125pt x 1486.55376pt>
File: ../Images_Docs/Diagrams/Activity Diagrams/DRISApprovalService/Approve Fun
ding.jpg Graphic file (type jpg)

<use ../Images_Docs/Diagrams/Activity Diagrams/DRISApprovalService/Approve Fund
ing.jpg>
Package pdftex.def Info: ../Images_Docs/Diagrams/Activity Diagrams/DRISApproval
Service/Approve Funding.jpg used on input line 1075.
(pdftex.def)             Requested size: 325.96701pt x 371.63753pt.
 [57 <C:/Sc/Project-Postdoc/Images_Docs/Diagrams/Activity Diagrams/Dean Endorse
ment/Endorse Application.jpg>]
<../Images_Docs/Diagrams/Activity Diagrams/DRISApprovalService/Check Appligibil
ty.jpg, id=227, 1141.26375pt x 1227.58624pt>
File: ../Images_Docs/Diagrams/Activity Diagrams/DRISApprovalService/Check Appli
gibilty.jpg Graphic file (type jpg)

<use ../Images_Docs/Diagrams/Activity Diagrams/DRISApprovalService/Check Applig
ibilty.jpg>
Package pdftex.def Info: ../Images_Docs/Diagrams/Activity Diagrams/DRISApproval
Service/Check Appligibilty.jpg used on input line 1081.
(pdftex.def)             Requested size: 285.31523pt x 306.89581pt.
 [58 <C:/Sc/Project-Postdoc/Images_Docs/Diagrams/Activity Diagrams/DRISApproval
Service/Approve Funding.jpg>]
<../Images_Docs/Diagrams/Activity Diagrams/DRISApprovalService/Deny Funding.jpg
, id=231, 1123.19624pt x 1245.65375pt>
File: ../Images_Docs/Diagrams/Activity Diagrams/DRISApprovalService/Deny Fundin
g.jpg Graphic file (type jpg)

<use ../Images_Docs/Diagrams/Activity Diagrams/DRISApprovalService/Deny Funding
.jpg>
Package pdftex.def Info: ../Images_Docs/Diagrams/Activity Diagrams/DRISApproval
Service/Deny Funding.jpg used on input line 1087.
(pdftex.def)             Requested size: 280.79837pt x 311.41267pt.
 [59 <C:/Sc/Project-Postdoc/Images_Docs/Diagrams/Activity Diagrams/DRISApproval
Service/Check Appligibilty.jpg>]
<../Images_Docs/Diagrams/Activity Diagrams/GrantHolderFinalisation/Create Grant
holder CV.jpg, id=235, 1177.39874pt x 775.89874pt>
File: ../Images_Docs/Diagrams/Activity Diagrams/GrantHolderFinalisation/Create 
Grantholder CV.jpg Graphic file (type jpg)

<use ../Images_Docs/Diagrams/Activity Diagrams/GrantHolderFinalisation/Create G
rantholder CV.jpg>
Package pdftex.def Info: ../Images_Docs/Diagrams/Activity Diagrams/GrantHolderF
inalisation/Create Grantholder CV.jpg used on input line 1095.
(pdftex.def)             Requested size: 294.34897pt x 193.97421pt.

<../Images_Docs/Diagrams/Activity Diagrams/GrantHolderFinalisation/Finalise App
lication.jpg, id=236, 1141.26375pt x 1125.20375pt>
File: ../Images_Docs/Diagrams/Activity Diagrams/GrantHolderFinalisation/Finalis
e Application.jpg Graphic file (type jpg)

<use ../Images_Docs/Diagrams/Activity Diagrams/GrantHolderFinalisation/Finalise
 Application.jpg>
Package pdftex.def Info: ../Images_Docs/Diagrams/Activity Diagrams/GrantHolderF
inalisation/Finalise Application.jpg used on input line 1101.
(pdftex.def)             Requested size: 285.31523pt x 281.30025pt.
 [60 <C:/Sc/Project-Postdoc/Images_Docs/Diagrams/Activity Diagrams/DRISApproval
Service/Deny Funding.jpg> <C:/Sc/Project-Postdoc/Images_Docs/Diagrams/Activity 
Diagrams/GrantHolderFinalisation/Create Grantholder CV.jpg>]
<../Images_Docs/Diagrams/Activity Diagrams/HOD recommendations/Ammend Applicati
on.jpg, id=240, 1099.10625pt x 1040.88875pt>
File: ../Images_Docs/Diagrams/Activity Diagrams/HOD recommendations/Ammend Appl
ication.jpg Graphic file (type jpg)

<use ../Images_Docs/Diagrams/Activity Diagrams/HOD recommendations/Ammend Appli
cation.jpg>
Package pdftex.def Info: ../Images_Docs/Diagrams/Activity Diagrams/HOD recommen
dations/Ammend Application.jpg used on input line 1109.
(pdftex.def)             Requested size: 274.77588pt x 260.22154pt.

<../Images_Docs/Diagrams/Activity Diagrams/HOD recommendations/Approve Applicat
ion.jpg, id=241, 1014.79124pt x 1203.49625pt>
File: ../Images_Docs/Diagrams/Activity Diagrams/HOD recommendations/Approve App
lication.jpg Graphic file (type jpg)

<use ../Images_Docs/Diagrams/Activity Diagrams/HOD recommendations/Approve Appl
ication.jpg>
Package pdftex.def Info: ../Images_Docs/Diagrams/Activity Diagrams/HOD recommen
dations/Approve Application.jpg used on input line 1115.
(pdftex.def)             Requested size: 253.69719pt x 300.87332pt.
 [61 <C:/Sc/Project-Postdoc/Images_Docs/Diagrams/Activity Diagrams/GrantHolderF
inalisation/Finalise Application.jpg> <C:/Sc/Project-Postdoc/Images_Docs/Diagra
ms/Activity Diagrams/HOD recommendations/Ammend Application.jpg>]
<../Images_Docs/Diagrams/Activity Diagrams/HOD recommendations/Deny Application
.jpg, id=246, 1135.24126pt x 1173.38374pt>
File: ../Images_Docs/Diagrams/Activity Diagrams/HOD recommendations/Deny Applic
ation.jpg Graphic file (type jpg)

<use ../Images_Docs/Diagrams/Activity Diagrams/HOD recommendations/Deny Applica
tion.jpg>
Package pdftex.def Info: ../Images_Docs/Diagrams/Activity Diagrams/HOD recommen
dations/Deny Application.jpg used on input line 1121.
(pdftex.def)             Requested size: 283.80962pt x 293.34521pt.
 [62 <C:/Sc/Project-Postdoc/Images_Docs/Diagrams/Activity Diagrams/HOD recommen
dations/Approve Application.jpg>]
<../Images_Docs/Diagrams/Activity Diagrams/MeetingManagement/AddMinuteComment.p
ng, id=250, 594.72188pt x 480.29437pt>
File: ../Images_Docs/Diagrams/Activity Diagrams/MeetingManagement/AddMinuteComm
ent.png Graphic file (type png)

<use ../Images_Docs/Diagrams/Activity Diagrams/MeetingManagement/AddMinuteComme
nt.png>
Package pdftex.def Info: ../Images_Docs/Diagrams/Activity Diagrams/MeetingManag
ement/AddMinuteComment.png used on input line 1127.
(pdftex.def)             Requested size: 297.36021pt x 240.14659pt.

<../Images_Docs/Diagrams/Activity Diagrams/MeetingManagement/Meetings.png, id=2
51, 368.1253pt x 386.19281pt>
File: ../Images_Docs/Diagrams/Activity Diagrams/MeetingManagement/Meetings.png 
Graphic file (type png)

<use ../Images_Docs/Diagrams/Activity Diagrams/MeetingManagement/Meetings.png>
Package pdftex.def Info: ../Images_Docs/Diagrams/Activity Diagrams/MeetingManag
ement/Meetings.png used on input line 1133.
(pdftex.def)             Requested size: 184.0622pt x 193.09592pt.

[63 <C:/Sc/Project-Postdoc/Images_Docs/Diagrams/Activity Diagrams/HOD recommend
ations/Deny Application.jpg> <C:/Sc/Project-Postdoc/Images_Docs/Diagrams/Activi
ty Diagrams/MeetingManagement/AddMinuteComment.png>]
<../Images_Docs/Diagrams/Activity Diagrams/MeetingManagement/EndMeeting.png, id
=255, 545.78906pt x 382.42876pt>
File: ../Images_Docs/Diagrams/Activity Diagrams/MeetingManagement/EndMeeting.pn
g Graphic file (type png)

<use ../Images_Docs/Diagrams/Activity Diagrams/MeetingManagement/EndMeeting.png
>
Package pdftex.def Info: ../Images_Docs/Diagrams/Activity Diagrams/MeetingManag
ement/EndMeeting.png used on input line 1139.
(pdftex.def)             Requested size: 272.89386pt x 191.2139pt.

<../Images_Docs/Diagrams/Activity Diagrams/MeetingManagement/GetAllActiveMeetin
gs.png, id=256, 447.92343pt x 411.03563pt>
File: ../Images_Docs/Diagrams/Activity Diagrams/MeetingManagement/GetAllActiveM
eetings.png Graphic file (type png)

<use ../Images_Docs/Diagrams/Activity Diagrams/MeetingManagement/GetAllActiveMe
etings.png>
Package pdftex.def Info: ../Images_Docs/Diagrams/Activity Diagrams/MeetingManag
ement/GetAllActiveMeetings.png used on input line 1145.
(pdftex.def)             Requested size: 223.96117pt x 205.5173pt.
 [64 <C:/Sc/Project-Postdoc/Images_Docs/Diagrams/Activity Diagrams/MeetingManag
ement/Meetings.png> <C:/Sc/Project-Postdoc/Images_Docs/Diagrams/Activity Diagra
ms/MeetingManagement/EndMeeting.png>]
<../Images_Docs/Diagrams/Activity Diagrams/MeetingManagement/GetAllMeetings.png
, id=260, 478.78876pt x 431.36156pt>
File: ../Images_Docs/Diagrams/Activity Diagrams/MeetingManagement/GetAllMeeting
s.png Graphic file (type png)

<use ../Images_Docs/Diagrams/Activity Diagrams/MeetingManagement/GetAllMeetings
.png>
Package pdftex.def Info: ../Images_Docs/Diagrams/Activity Diagrams/MeetingManag
ement/GetAllMeetings.png used on input line 1151.
(pdftex.def)             Requested size: 239.39378pt x 215.68025pt.

<../Images_Docs/Diagrams/Activity Diagrams/MeetingManagement/StartMeeting.png, 
id=261, 536.75531pt x 402.00188pt>
File: ../Images_Docs/Diagrams/Activity Diagrams/MeetingManagement/StartMeeting.
png Graphic file (type png)

<use ../Images_Docs/Diagrams/Activity Diagrams/MeetingManagement/StartMeeting.p
ng>
Package pdftex.def Info: ../Images_Docs/Diagrams/Activity Diagrams/MeetingManag
ement/StartMeeting.png used on input line 1158.
(pdftex.def)             Requested size: 268.37698pt x 201.00044pt.
 [65 <C:/Sc/Project-Postdoc/Images_Docs/Diagrams/Activity Diagrams/MeetingManag
ement/GetAllActiveMeetings.png> <C:/Sc/Project-Postdoc/Images_Docs/Diagrams/Act
ivity Diagrams/MeetingManagement/GetAllMeetings.png>]
<../Images_Docs/Diagrams/Activity Diagrams/MeetingManagement/UpdateMeeting.png,
 id=265, 392.21532pt x 401.24907pt>
File: ../Images_Docs/Diagrams/Activity Diagrams/MeetingManagement/UpdateMeeting
.png Graphic file (type png)

<use ../Images_Docs/Diagrams/Activity Diagrams/MeetingManagement/UpdateMeeting.
png>
Package pdftex.def Info: ../Images_Docs/Diagrams/Activity Diagrams/MeetingManag
ement/UpdateMeeting.png used on input line 1164.
(pdftex.def)             Requested size: 196.10718pt x 200.62404pt.

<../Images_Docs/Diagrams/Activity Diagrams/NewApplication/CanFellowOpenNewAppli
cation.png, id=266, 571.38469pt x 435.12563pt>
File: ../Images_Docs/Diagrams/Activity Diagrams/NewApplication/CanFellowOpenNew
Application.png Graphic file (type png)

<use ../Images_Docs/Diagrams/Activity Diagrams/NewApplication/CanFellowOpenNewA
pplication.png>
Package pdftex.def Info: ../Images_Docs/Diagrams/Activity Diagrams/NewApplicati
on/CanFellowOpenNewApplication.png used on input line 1170.
(pdftex.def)             Requested size: 285.69164pt x 217.56227pt.
 [66 <C:/Sc/Project-Postdoc/Images_Docs/Diagrams/Activity Diagrams/MeetingManag
ement/StartMeeting.png> <C:/Sc/Project-Postdoc/Images_Docs/Diagrams/Activity Di
agrams/MeetingManagement/UpdateMeeting.png>]
<../Images_Docs/Diagrams/Activity Diagrams/NewApplication/CreateCV.png, id=270,
 601.4972pt x 423.08063pt>
File: ../Images_Docs/Diagrams/Activity Diagrams/NewApplication/CreateCV.png Gra
phic file (type png)

<use ../Images_Docs/Diagrams/Activity Diagrams/NewApplication/CreateCV.png>
Package pdftex.def Info: ../Images_Docs/Diagrams/Activity Diagrams/NewApplicati
on/CreateCV.png used on input line 1176.
(pdftex.def)             Requested size: 300.74786pt x 211.5398pt.

<../Images_Docs/Diagrams/Activity Diagrams/NewApplication/NewApplication.png, i
d=271, 476.53032pt x 444.15938pt>
File: ../Images_Docs/Diagrams/Activity Diagrams/NewApplication/NewApplication.p
ng Graphic file (type png)

<use ../Images_Docs/Diagrams/Activity Diagrams/NewApplication/NewApplication.pn
g>
Package pdftex.def Info: ../Images_Docs/Diagrams/Activity Diagrams/NewApplicati
on/NewApplication.png used on input line 1182.
(pdftex.def)             Requested size: 238.26457pt x 222.07913pt.
 [67 <C:/Sc/Project-Postdoc/Images_Docs/Diagrams/Activity Diagrams/NewApplicati
on/CanFellowOpenNewApplication.png> <C:/Sc/Project-Postdoc/Images_Docs/Diagrams
/Activity Diagrams/NewApplication/CreateCV.png>]
File: ../Images_Docs/Diagrams/Activity Diagrams/NewApplication/CreateCV.png Gra
phic file (type png)

<use ../Images_Docs/Diagrams/Activity Diagrams/NewApplication/CreateCV.png>
Package pdftex.def Info: ../Images_Docs/Diagrams/Activity Diagrams/NewApplicati
on/CreateCV.png used on input line 1188.
(pdftex.def)             Requested size: 300.74786pt x 211.5398pt.

<../Images_Docs/Diagrams/Activity Diagrams/NewApplication/LinkGrantHolderToAppl
ication.png, id=276, 415.5525pt x 405.76593pt>
File: ../Images_Docs/Diagrams/Activity Diagrams/NewApplication/LinkGrantHolderT
oApplication.png Graphic file (type png)

<use ../Images_Docs/Diagrams/Activity Diagrams/NewApplication/LinkGrantHolderTo
Application.png>
Package pdftex.def Info: ../Images_Docs/Diagrams/Activity Diagrams/NewApplicati
on/LinkGrantHolderToApplication.png used on input line 1194.
(pdftex.def)             Requested size: 207.77574pt x 202.88246pt.
 [68 <C:/Sc/Project-Postdoc/Images_Docs/Diagrams/Activity Diagrams/NewApplicati
on/NewApplication.png>]
<../Images_Docs/Diagrams/Activity Diagrams/NewApplication/LinkRefereeToApplicat
ion.png, id=280, 520.94624pt x 472.76625pt>
File: ../Images_Docs/Diagrams/Activity Diagrams/NewApplication/LinkRefereeToApp
lication.png Graphic file (type png)

<use ../Images_Docs/Diagrams/Activity Diagrams/NewApplication/LinkRefereeToAppl
ication.png>
Package pdftex.def Info: ../Images_Docs/Diagrams/Activity Diagrams/NewApplicati
on/LinkRefereeToApplication.png used on input line 1200.
(pdftex.def)             Requested size: 260.47249pt x 236.38254pt.

<../Images_Docs/Diagrams/Activity Diagrams/NewApplication/SubmitApplication.png
, id=281, 374.90062pt x 386.19281pt>
File: ../Images_Docs/Diagrams/Activity Diagrams/NewApplication/SubmitApplicatio
n.png Graphic file (type png)

<use ../Images_Docs/Diagrams/Activity Diagrams/NewApplication/SubmitApplication
.png>
Package pdftex.def Info: ../Images_Docs/Diagrams/Activity Diagrams/NewApplicati
on/SubmitApplication.png used on input line 1206.
(pdftex.def)             Requested size: 187.44984pt x 193.09592pt.
 [69 <C:/Sc/Project-Postdoc/Images_Docs/Diagrams/Activity Diagrams/NewApplicati
on/LinkGrantHolderToApplication.png> <C:/Sc/Project-Postdoc/Images_Docs/Diagram
s/Activity Diagrams/NewApplication/LinkRefereeToApplication.png>]
<../Images_Docs/Diagrams/Activity Diagrams/Notifications/SendEmail.png, id=285,
 637.63219pt x 424.58624pt>
File: ../Images_Docs/Diagrams/Activity Diagrams/Notifications/SendEmail.png Gra
phic file (type png)

<use ../Images_Docs/Diagrams/Activity Diagrams/Notifications/SendEmail.png>
Package pdftex.def Info: ../Images_Docs/Diagrams/Activity Diagrams/Notification
s/SendEmail.png used on input line 1212.
(pdftex.def)             Requested size: 318.8153pt x 212.2926pt.

<../Images_Docs/Diagrams/Activity Diagrams/Notifications/GetNotificationsFromPe
rson.png, id=286, 621.07031pt x 429.85594pt>
File: ../Images_Docs/Diagrams/Activity Diagrams/Notifications/GetNotificationsF
romPerson.png Graphic file (type png)

<use ../Images_Docs/Diagrams/Activity Diagrams/Notifications/GetNotificationsFr
omPerson.png>
Package pdftex.def Info: ../Images_Docs/Diagrams/Activity Diagrams/Notification
s/GetNotificationsFromPerson.png used on input line 1219.
(pdftex.def)             Requested size: 310.5344pt x 214.92744pt.
 [70 <C:/Sc/Project-Postdoc/Images_Docs/Diagrams/Activity Diagrams/NewApplicati
on/SubmitApplication.png> <C:/Sc/Project-Postdoc/Images_Docs/Diagrams/Activity 
Diagrams/Notifications/SendEmail.png>]
<../Images_Docs/Diagrams/Activity Diagrams/Notifications/SendBatchNotifications
.png, id=290, 533.74406pt x 414.04688pt>
File: ../Images_Docs/Diagrams/Activity Diagrams/Notifications/SendBatchNotifica
tions.png Graphic file (type png)

<use ../Images_Docs/Diagrams/Activity Diagrams/Notifications/SendBatchNotificat
ions.png>
Package pdftex.def Info: ../Images_Docs/Diagrams/Activity Diagrams/Notification
s/SendBatchNotifications.png used on input line 1226.
(pdftex.def)             Requested size: 266.87137pt x 207.02292pt.

<../Images_Docs/Diagrams/Activity Diagrams/ProgressReportManagement/ProgressRep
ort.png, id=291, 463.7325pt x 445.665pt>
File: ../Images_Docs/Diagrams/Activity Diagrams/ProgressReportManagement/Progre
ssReport.png Graphic file (type png)

<use ../Images_Docs/Diagrams/Activity Diagrams/ProgressReportManagement/Progres
sReport.png>
Package pdftex.def Info: ../Images_Docs/Diagrams/Activity Diagrams/ProgressRepo
rtManagement/ProgressReport.png used on input line 1233.
(pdftex.def)             Requested size: 231.86568pt x 222.83195pt.
 [71 <C:/Sc/Project-Postdoc/Images_Docs/Diagrams/Activity Diagrams/Notification
s/GetNotificationsFromPerson.png> <C:/Sc/Project-Postdoc/Images_Docs/Diagrams/A
ctivity Diagrams/Notifications/SendBatchNotifications.png>]
<../Images_Docs/Diagrams/Activity Diagrams/ProgressReportManagement/UpdateProgr
essReport.png, id=295, 440.39531pt x 369.63094pt>
File: ../Images_Docs/Diagrams/Activity Diagrams/ProgressReportManagement/Update
ProgressReport.png Graphic file (type png)

<use ../Images_Docs/Diagrams/Activity Diagrams/ProgressReportManagement/UpdateP
rogressReport.png>
Package pdftex.def Info: ../Images_Docs/Diagrams/Activity Diagrams/ProgressRepo
rtManagement/UpdateProgressReport.png used on input line 1239.
(pdftex.def)             Requested size: 220.19711pt x 184.815pt.

<../Images_Docs/Diagrams/Activity Diagrams/RefereeReport/RefereesReport.png, id
=296, 473.51906pt x 358.33875pt>
File: ../Images_Docs/Diagrams/Activity Diagrams/RefereeReport/RefereesReport.pn
g Graphic file (type png)

<use ../Images_Docs/Diagrams/Activity Diagrams/RefereeReport/RefereesReport.png
>
Package pdftex.def Info: ../Images_Docs/Diagrams/Activity Diagrams/RefereeRepor
t/RefereesReport.png used on input line 1245.
(pdftex.def)             Requested size: 236.75894pt x 179.16893pt.
 [72 <C:/Sc/Project-Postdoc/Images_Docs/Diagrams/Activity Diagrams/ProgressRepo
rtManagement/ProgressReport.png> <C:/Sc/Project-Postdoc/Images_Docs/Diagrams/Ac
tivity Diagrams/ProgressReportManagement/UpdateProgressReport.png>]
<../Images_Docs/Diagrams/Activity Diagrams/RefereeReport/SubmitReferralReport.p
ng, id=300, 446.41782pt x 444.15938pt>
File: ../Images_Docs/Diagrams/Activity Diagrams/RefereeReport/SubmitReferralRep
ort.png Graphic file (type png)

<use ../Images_Docs/Diagrams/Activity Diagrams/RefereeReport/SubmitReferralRepo
rt.png>
Package pdftex.def Info: ../Images_Docs/Diagrams/Activity Diagrams/RefereeRepor
t/SubmitReferralReport.png used on input line 1251.
(pdftex.def)             Requested size: 223.20836pt x 222.07913pt.

<../Images_Docs/Diagrams/Activity Diagrams/RefereeReport/CountPendingApplicatio
ns.png, id=301, 414.79968pt x 402.00188pt>
File: ../Images_Docs/Diagrams/Activity Diagrams/RefereeReport/CountPendingAppli
cations.png Graphic file (type png)

<use ../Images_Docs/Diagrams/Activity Diagrams/RefereeReport/CountPendingApplic
ations.png>
Package pdftex.def Info: ../Images_Docs/Diagrams/Activity Diagrams/RefereeRepor
t/CountPendingApplications.png used on input line 1257.
(pdftex.def)             Requested size: 207.39934pt x 201.00044pt.
 [73 <C:/Sc/Project-Postdoc/Images_Docs/Diagrams/Activity Diagrams/RefereeRepor
t/RefereesReport.png> <C:/Sc/Project-Postdoc/Images_Docs/Diagrams/Activity Diag
rams/RefereeReport/SubmitReferralReport.png>]
<../Images_Docs/Diagrams/Activity Diagrams/Reporting/ExportPDF.png, id=306, 553
.31718pt x 444.91219pt>
File: ../Images_Docs/Diagrams/Activity Diagrams/Reporting/ExportPDF.png Graphic
 file (type png)

<use ../Images_Docs/Diagrams/Activity Diagrams/Reporting/ExportPDF.png>
Package pdftex.def Info: ../Images_Docs/Diagrams/Activity Diagrams/Reporting/Ex
portPDF.png used on input line 1263.
(pdftex.def)             Requested size: 276.65791pt x 222.45554pt.

<../Images_Docs/Diagrams/Activity Diagrams/Reporting/ExportApplicationSpreadshe
et.png, id=307, 552.56438pt x 408.77719pt>
File: ../Images_Docs/Diagrams/Activity Diagrams/Reporting/ExportApplicationSpre
adsheet.png Graphic file (type png)

<use ../Images_Docs/Diagrams/Activity Diagrams/Reporting/ExportApplicationSprea
dsheet.png>
Package pdftex.def Info: ../Images_Docs/Diagrams/Activity Diagrams/Reporting/Ex
portApplicationSpreadsheet.png used on input line 1269.
(pdftex.def)             Requested size: 276.28151pt x 204.38809pt.
 [74 <C:/Sc/Project-Postdoc/Images_Docs/Diagrams/Activity Diagrams/RefereeRepor
t/CountPendingApplications.png> <C:/Sc/Project-Postdoc/Images_Docs/Diagrams/Act
ivity Diagrams/Reporting/ExportPDF.png>]
<../Images_Docs/Diagrams/Activity Diagrams/UserAccountManagement/GenerateSystem
ID.png, id=311, 400.49625pt x 370.38374pt>
File: ../Images_Docs/Diagrams/Activity Diagrams/UserAccountManagement/GenerateS
ystemID.png Graphic file (type png)

<use ../Images_Docs/Diagrams/Activity Diagrams/UserAccountManagement/GenerateSy
stemID.png>
Package pdftex.def Info: ../Images_Docs/Diagrams/Activity Diagrams/UserAccountM
anagement/GenerateSystemID.png used on input line 1276.
(pdftex.def)             Requested size: 200.24763pt x 185.1914pt.

<../Images_Docs/Diagrams/Activity Diagrams/UserAccountManagement/GetAllSecurity
Roles.png, id=312, 533.74406pt x 357.58594pt>
File: ../Images_Docs/Diagrams/Activity Diagrams/UserAccountManagement/GetAllSec
urityRoles.png Graphic file (type png)

<use ../Images_Docs/Diagrams/Activity Diagrams/UserAccountManagement/GetAllSecu
rityRoles.png>
Package pdftex.def Info: ../Images_Docs/Diagrams/Activity Diagrams/UserAccountM
anagement/GetAllSecurityRoles.png used on input line 1282.
(pdftex.def)             Requested size: 266.87137pt x 178.79253pt.
 [75 <C:/Sc/Project-Postdoc/Images_Docs/Diagrams/Activity Diagrams/Reporting/Ex
portApplicationSpreadsheet.png> <C:/Sc/Project-Postdoc/Images_Docs/Diagrams/Act
ivity Diagrams/UserAccountManagement/GenerateSystemID.png>]
<../Images_Docs/Diagrams/Activity Diagrams/UserAccountManagement/ViewAllAccount
s.png, id=316, 563.10374pt x 368.1253pt>
File: ../Images_Docs/Diagrams/Activity Diagrams/UserAccountManagement/ViewAllAc
counts.png Graphic file (type png)

<use ../Images_Docs/Diagrams/Activity Diagrams/UserAccountManagement/ViewAllAcc
ounts.png>
Package pdftex.def Info: ../Images_Docs/Diagrams/Activity Diagrams/UserAccountM
anagement/ViewAllAccounts.png used on input line 1288.
(pdftex.def)             Requested size: 281.55118pt x 184.0622pt.

<../Images_Docs/Diagrams/Activity Diagrams/UserAccountManagement/GetUserbySyste
mID.png, id=317, 532.23843pt x 369.63094pt>
File: ../Images_Docs/Diagrams/Activity Diagrams/UserAccountManagement/GetUserby
SystemID.png Graphic file (type png)

<use ../Images_Docs/Diagrams/Activity Diagrams/UserAccountManagement/GetUserbyS
ystemID.png>
Package pdftex.def Info: ../Images_Docs/Diagrams/Activity Diagrams/UserAccountM
anagement/GetUserbySystemID.png used on input line 1294.
(pdftex.def)             Requested size: 266.11856pt x 184.815pt.
 [76 <C:/Sc/Project-Postdoc/Images_Docs/Diagrams/Activity Diagrams/UserAccountM
anagement/GetAllSecurityRoles.png> <C:/Sc/Project-Postdoc/Images_Docs/Diagrams/
Activity Diagrams/UserAccountManagement/ViewAllAccounts.png>]
<../Images_Docs/Diagrams/Activity Diagrams/UserAccountManagement/RemoveUser.png
, id=321, 502.12593pt x 427.5975pt>
File: ../Images_Docs/Diagrams/Activity Diagrams/UserAccountManagement/RemoveUse
r.png Graphic file (type png)

<use ../Images_Docs/Diagrams/Activity Diagrams/UserAccountManagement/RemoveUser
.png>
Package pdftex.def Info: ../Images_Docs/Diagrams/Activity Diagrams/UserAccountM
anagement/RemoveUser.png used on input line 1300.
(pdftex.def)             Requested size: 251.06235pt x 213.79822pt.

<../Images_Docs/Diagrams/Activity Diagrams/UserAccountManagement/UpdateUserAcco
unt.png, id=322, 429.85594pt x 465.99094pt>
File: ../Images_Docs/Diagrams/Activity Diagrams/UserAccountManagement/UpdateUse
rAccount.png Graphic file (type png)

<use ../Images_Docs/Diagrams/Activity Diagrams/UserAccountManagement/UpdateUser
Account.png>
Package pdftex.def Info: ../Images_Docs/Diagrams/Activity Diagrams/UserAccountM
anagement/UpdateUserAccount.png used on input line 1306.
(pdftex.def)             Requested size: 214.92744pt x 232.99489pt.
 [77 <C:/Sc/Project-Postdoc/Images_Docs/Diagrams/Activity Diagrams/UserAccountM
anagement/GetUserbySystemID.png> <C:/Sc/Project-Postdoc/Images_Docs/Diagrams/Ac
tivity Diagrams/UserAccountManagement/RemoveUser.png>]
File: ../Images_Docs/Diagrams/Activity Diagrams/UserAccountManagement/ViewAllAc
counts.png Graphic file (type png)

<use ../Images_Docs/Diagrams/Activity Diagrams/UserAccountManagement/ViewAllAcc
ounts.png>
Package pdftex.def Info: ../Images_Docs/Diagrams/Activity Diagrams/UserAccountM
anagement/ViewAllAccounts.png used on input line 1312.
(pdftex.def)             Requested size: 281.55118pt x 184.0622pt.

<../Images_Docs/Diagrams/Activity Diagrams/UserGateway/AuthenticateAsOwner.png,
 id=326, 556.32843pt x 449.42906pt>
File: ../Images_Docs/Diagrams/Activity Diagrams/UserGateway/AuthenticateAsOwner
.png Graphic file (type png)

<use ../Images_Docs/Diagrams/Activity Diagrams/UserGateway/AuthenticateAsOwner.
png>
Package pdftex.def Info: ../Images_Docs/Diagrams/Activity Diagrams/UserGateway/
AuthenticateAsOwner.png used on input line 1318.
(pdftex.def)             Requested size: 278.16353pt x 224.71397pt.
 [78 <C:/Sc/Project-Postdoc/Images_Docs/Diagrams/Activity Diagrams/UserAccountM
anagement/UpdateUserAccount.png>]
<../Images_Docs/Diagrams/Activity Diagrams/UserGateway/GetUserFromSession.png, 
id=330, 618.81187pt x 463.7325pt>
File: ../Images_Docs/Diagrams/Activity Diagrams/UserGateway/GetUserFromSession.
png Graphic file (type png)

<use ../Images_Docs/Diagrams/Activity Diagrams/UserGateway/GetUserFromSession.p
ng>
Package pdftex.def Info: ../Images_Docs/Diagrams/Activity Diagrams/UserGateway/
GetUserFromSession.png used on input line 1324.
(pdftex.def)             Requested size: 309.40518pt x 231.86568pt.

<../Images_Docs/Diagrams/Activity Diagrams/UserGateway/Logout.png, id=331, 427.
5975pt x 342.5297pt>
File: ../Images_Docs/Diagrams/Activity Diagrams/UserGateway/Logout.png Graphic 
file (type png)

<use ../Images_Docs/Diagrams/Activity Diagrams/UserGateway/Logout.png>
Package pdftex.def Info: ../Images_Docs/Diagrams/Activity Diagrams/UserGateway/
Logout.png used on input line 1331.
(pdftex.def)             Requested size: 213.79822pt x 171.26442pt.
 [79 <C:/Sc/Project-Postdoc/Images_Docs/Diagrams/Activity Diagrams/UserGateway/
AuthenticateAsOwner.png> <C:/Sc/Project-Postdoc/Images_Docs/Diagrams/Activity D
iagrams/UserGateway/GetUserFromSession.png>] [80 <C:/Sc/Project-Postdoc/Images_
Docs/Diagrams/Activity Diagrams/UserGateway/Logout.png>]
<../Images_Docs/Diagrams/Interface Diagram/ApplicationProgressViewerService.jpg
, id=339, 833.1125pt x 212.795pt>
File: ../Images_Docs/Diagrams/Interface Diagram/ApplicationProgressViewerServic
e.jpg Graphic file (type jpg)

<use ../Images_Docs/Diagrams/Interface Diagram/ApplicationProgressViewerService
.jpg>
Package pdftex.def Info: ../Images_Docs/Diagrams/Interface Diagram/ApplicationP
rogressViewerService.jpg used on input line 1380.
(pdftex.def)             Requested size: 220.78542pt x 56.3904pt.

Overfull \hbox (4.0pt too wide) in paragraph at lines 1380--1381
 [][] 
 []


Underfull \hbox (badness 1325) in paragraph at lines 1381--1381
[]\OT1/cmr/m/n/10.95 (a) |In-ter-face Di-a-gram for the Ap-pli-ca-tion
 []


<../Images_Docs/Diagrams/Interface Diagram/ApplicationRenewalService.jpg, id=34
0, 894.34125pt x 283.0575pt>
File: ../Images_Docs/Diagrams/Interface Diagram/ApplicationRenewalService.jpg G
raphic file (type jpg)

<use ../Images_Docs/Diagrams/Interface Diagram/ApplicationRenewalService.jpg>
Package pdftex.def Info: ../Images_Docs/Diagrams/Interface Diagram/ApplicationR
enewalService.jpg used on input line 1386.
(pdftex.def)             Requested size: 220.78542pt x 69.87877pt.

Overfull \hbox (4.0pt too wide) in paragraph at lines 1386--1387
 [][] 
 []


<../Images_Docs/Diagrams/Interface Diagram/ArchivalService.jpg, id=341, 490.833
76pt x 216.81pt>
File: ../Images_Docs/Diagrams/Interface Diagram/ArchivalService.jpg Graphic fil
e (type jpg)

<use ../Images_Docs/Diagrams/Interface Diagram/ArchivalService.jpg>
Package pdftex.def Info: ../Images_Docs/Diagrams/Interface Diagram/ArchivalServ
ice.jpg used on input line 1392.
(pdftex.def)             Requested size: 220.78542pt x 97.5239pt.

Overfull \hbox (4.0pt too wide) in paragraph at lines 1392--1393
 [][] 
 []


<../Images_Docs/Diagrams/Interface Diagram/CVManagementService.jpg, id=342, 358
.33875pt x 222.8325pt>
File: ../Images_Docs/Diagrams/Interface Diagram/CVManagementService.jpg Graphic
 file (type jpg)

<use ../Images_Docs/Diagrams/Interface Diagram/CVManagementService.jpg>
Package pdftex.def Info: ../Images_Docs/Diagrams/Interface Diagram/CVManagement
Service.jpg used on input line 1398.
(pdftex.def)             Requested size: 220.78542pt x 137.29788pt.

Overfull \hbox (4.0pt too wide) in paragraph at lines 1398--1399
 [][] 
 []


<../Images_Docs/Diagrams/Interface Diagram/DeansEndorsementService.jpg, id=343,
 671.50874pt x 222.8325pt>
File: ../Images_Docs/Diagrams/Interface Diagram/DeansEndorsementService.jpg Gra
phic file (type jpg)

<use ../Images_Docs/Diagrams/Interface Diagram/DeansEndorsementService.jpg>
Package pdftex.def Info: ../Images_Docs/Diagrams/Interface Diagram/DeansEndorse
mentService.jpg used on input line 1404.
(pdftex.def)             Requested size: 220.78542pt x 73.26294pt.

Overfull \hbox (4.0pt too wide) in paragraph at lines 1404--1405
 [][] 
 []


<../Images_Docs/Diagrams/Interface Diagram/DRISApprovalService.jpg, id=344, 972
.63374pt x 337.26pt>
File: ../Images_Docs/Diagrams/Interface Diagram/DRISApprovalService.jpg Graphic
 file (type jpg)

<use ../Images_Docs/Diagrams/Interface Diagram/DRISApprovalService.jpg>
Package pdftex.def Info: ../Images_Docs/Diagrams/Interface Diagram/DRISApproval
Service.jpg used on input line 1410.
(pdftex.def)             Requested size: 220.78542pt x 76.55437pt.

Overfull \hbox (4.0pt too wide) in paragraph at lines 1410--1411
 [][] 
 []


<../Images_Docs/Diagrams/Interface Diagram/GrantHolderFinalisationService.jpg, 
id=345, 671.50874pt x 216.81pt>
File: ../Images_Docs/Diagrams/Interface Diagram/GrantHolderFinalisationService.
jpg Graphic file (type jpg)

<use ../Images_Docs/Diagrams/Interface Diagram/GrantHolderFinalisationService.j
pg>
Package pdftex.def Info: ../Images_Docs/Diagrams/Interface Diagram/GrantHolderF
inalisationService.jpg used on input line 1418.
(pdftex.def)             Requested size: 220.78542pt x 71.28285pt.

Overfull \hbox (4.0pt too wide) in paragraph at lines 1418--1419
 [][] 
 []


<../Images_Docs/Diagrams/Interface Diagram/HODRecommendationServices.jpg, id=34
6, 822.07124pt x 258.9675pt>
File: ../Images_Docs/Diagrams/Interface Diagram/HODRecommendationServices.jpg G
raphic file (type jpg)

<use ../Images_Docs/Diagrams/Interface Diagram/HODRecommendationServices.jpg>
Package pdftex.def Info: ../Images_Docs/Diagrams/Interface Diagram/HODRecommend
ationServices.jpg used on input line 1424.
(pdftex.def)             Requested size: 220.78542pt x 69.5507pt.

Overfull \hbox (4.0pt too wide) in paragraph at lines 1424--1425
 [][] 
 []


<../Images_Docs/Diagrams/Interface Diagram/MeetingMananagementInterface.png, id
=347, 256.91985pt x 147.4308pt>
File: ../Images_Docs/Diagrams/Interface Diagram/MeetingMananagementInterface.pn
g Graphic file (type png)

<use ../Images_Docs/Diagrams/Interface Diagram/MeetingMananagementInterface.png
>
Package pdftex.def Info: ../Images_Docs/Diagrams/Interface Diagram/MeetingManan
agementInterface.png used on input line 1430.
(pdftex.def)             Requested size: 220.78542pt x 126.70027pt.

Overfull \hbox (4.0pt too wide) in paragraph at lines 1430--1431
 [][] 
 []


<../Images_Docs/Diagrams/Interface Diagram/NewApplicationServiceInterface.png, 
id=348, 256.91985pt x 112.7412pt>
File: ../Images_Docs/Diagrams/Interface Diagram/NewApplicationServiceInterface.
png Graphic file (type png)

<use ../Images_Docs/Diagrams/Interface Diagram/NewApplicationServiceInterface.p
ng>
Package pdftex.def Info: ../Images_Docs/Diagrams/Interface Diagram/NewApplicati
onServiceInterface.png used on input line 1436.
(pdftex.def)             Requested size: 128.4596pt x 56.37045pt.

<../Images_Docs/Diagrams/Interface Diagram/NotificationsInterface.png, id=349, 
332.442pt x 140.9265pt>
File: ../Images_Docs/Diagrams/Interface Diagram/NotificationsInterface.png Grap
hic file (type png)

<use ../Images_Docs/Diagrams/Interface Diagram/NotificationsInterface.png>
Package pdftex.def Info: ../Images_Docs/Diagrams/Interface Diagram/Notification
sInterface.png used on input line 1442.
(pdftex.def)             Requested size: 220.78542pt x 93.59451pt.

Overfull \hbox (4.0pt too wide) in paragraph at lines 1442--1443
 [][] 
 []


<../Images_Docs/Diagrams/Interface Diagram/ProgressReportManagementServiceInter
face.png, id=350, 274.26465pt x 91.0602pt>
File: ../Images_Docs/Diagrams/Interface Diagram/ProgressReportManagementService
Interface.png Graphic file (type png)

<use ../Images_Docs/Diagrams/Interface Diagram/ProgressReportManagementServiceI
nterface.png>
Package pdftex.def Info: ../Images_Docs/Diagrams/Interface Diagram/ProgressRepo
rtManagementServiceInterface.png used on input line 1448.
(pdftex.def)             Requested size: 220.78542pt x 73.30676pt.

Overfull \hbox (4.0pt too wide) in paragraph at lines 1448--1449
 [][] 
 []

[81 <C:/Sc/Project-Postdoc/Images_Docs/Diagrams/Interface Diagram/ApplicationPr
ogressViewerService.jpg> <C:/Sc/Project-Postdoc/Images_Docs/Diagrams/Interface 
Diagram/ApplicationRenewalService.jpg> <C:/Sc/Project-Postdoc/Images_Docs/Diagr
ams/Interface Diagram/ArchivalService.jpg> <C:/Sc/Project-Postdoc/Images_Docs/D
iagrams/Interface Diagram/CVManagementService.jpg> <C:/Sc/Project-Postdoc/Image
s_Docs/Diagrams/Interface Diagram/DeansEndorsementService.jpg> <C:/Sc/Project-P
ostdoc/Images_Docs/Diagrams/Interface Diagram/DRISApprovalService.jpg>]
<../Images_Docs/Diagrams/Interface Diagram/RefereeReportInterface.png, id=355, 
252.58365pt x 80.2197pt>
File: ../Images_Docs/Diagrams/Interface Diagram/RefereeReportInterface.png Grap
hic file (type png)

<use ../Images_Docs/Diagrams/Interface Diagram/RefereeReportInterface.png>
Package pdftex.def Info: ../Images_Docs/Diagrams/Interface Diagram/RefereeRepor
tInterface.png used on input line 1456.
(pdftex.def)             Requested size: 220.78542pt x 70.12106pt.

Overfull \hbox (4.0pt too wide) in paragraph at lines 1456--1457
 [][] 
 []


<../Images_Docs/Diagrams/Interface Diagram/UserAccountManagementServicesInterfa
ce.png, id=356, 265.59225pt x 130.086pt>
File: ../Images_Docs/Diagrams/Interface Diagram/UserAccountManagementServicesIn
terface.png Graphic file (type png)

<use ../Images_Docs/Diagrams/Interface Diagram/UserAccountManagementServicesInt
erface.png>
Package pdftex.def Info: ../Images_Docs/Diagrams/Interface Diagram/UserAccountM
anagementServicesInterface.png used on input line 1462.
(pdftex.def)             Requested size: 220.78542pt x 108.14403pt.

Overfull \hbox (4.0pt too wide) in paragraph at lines 1462--1463
 [][] 
 []


<../Images_Docs/Diagrams/Interface Diagram/UserGatewayInterface.png, id=357, 20
9.22165pt x 93.2283pt>
File: ../Images_Docs/Diagrams/Interface Diagram/UserGatewayInterface.png Graphi
c file (type png)

<use ../Images_Docs/Diagrams/Interface Diagram/UserGatewayInterface.png>
Package pdftex.def Info: ../Images_Docs/Diagrams/Interface Diagram/UserGatewayI
nterface.png used on input line 1468.
(pdftex.def)             Requested size: 220.78542pt x 98.38196pt.

Overfull \hbox (4.0pt too wide) in paragraph at lines 1468--1469
 [][] 
 []

[82 <C:/Sc/Project-Postdoc/Images_Docs/Diagrams/Interface Diagram/GrantHolderFi
nalisationService.jpg> <C:/Sc/Project-Postdoc/Images_Docs/Diagrams/Interface Di
agram/HODRecommendationServices.jpg> <C:/Sc/Project-Postdoc/Images_Docs/Diagram
s/Interface Diagram/MeetingMananagementInterface.png> <C:/Sc/Project-Postdoc/Im
ages_Docs/Diagrams/Interface Diagram/NewApplicationServiceInterface.png> <C:/Sc
/Project-Postdoc/Images_Docs/Diagrams/Interface Diagram/NotificationsInterface.
png> <C:/Sc/Project-Postdoc/Images_Docs/Diagrams/Interface Diagram/ProgressRepo
rtManagementServiceInterface.png>] [83 <C:/Sc/Project-Postdoc/Images_Docs/Diagr
ams/Interface Diagram/RefereeReportInterface.png> <C:/Sc/Project-Postdoc/Images
_Docs/Diagrams/Interface Diagram/UserAccountManagementServicesInterface.png> <C
:/Sc/Project-Postdoc/Images_Docs/Diagrams/Interface Diagram/UserGatewayInterfac
e.png>]
<../Images_Docs/Diagrams/Data Flow/ApplicationProgress.png, id=371, 419.31656pt
 x 172.39406pt>
File: ../Images_Docs/Diagrams/Data Flow/ApplicationProgress.png Graphic file (t
ype png)

<use ../Images_Docs/Diagrams/Data Flow/ApplicationProgress.png>
Package pdftex.def Info: ../Images_Docs/Diagrams/Data Flow/ApplicationProgress.
png used on input line 1481.
(pdftex.def)             Requested size: 220.78542pt x 90.77129pt.

Overfull \hbox (4.0pt too wide) in paragraph at lines 1481--1482
 [][] 
 []


<../Images_Docs/Diagrams/Data Flow/ApplicationRenewal.png, id=372, 791.20593pt 
x 179.16937pt>
File: ../Images_Docs/Diagrams/Data Flow/ApplicationRenewal.png Graphic file (ty
pe png)
 <use ../Images_Docs/Diagrams/Data Flow/ApplicationRenewal.png>
Package pdftex.def Info: ../Images_Docs/Diagrams/Data Flow/ApplicationRenewal.p
ng used on input line 1487.
(pdftex.def)             Requested size: 220.78542pt x 49.99484pt.

Overfull \hbox (4.0pt too wide) in paragraph at lines 1487--1488
 [][] 
 []


<../Images_Docs/Diagrams/Data Flow/ArchivalService.png, id=373, 410.2828pt x 16
5.61874pt>
File: ../Images_Docs/Diagrams/Data Flow/ArchivalService.png Graphic file (type 
png)
 <use ../Images_Docs/Diagrams/Data Flow/ArchivalService.png>
Package pdftex.def Info: ../Images_Docs/Diagrams/Data Flow/ArchivalService.png 
used on input line 1493.
(pdftex.def)             Requested size: 220.78542pt x 89.12447pt.

Overfull \hbox (4.0pt too wide) in paragraph at lines 1493--1494
 [][] 
 []


<../Images_Docs/Diagrams/Data Flow/AuditTrail.png, id=374, 615.0478pt x 180.675
pt>
File: ../Images_Docs/Diagrams/Data Flow/AuditTrail.png Graphic file (type png)
 <use ../Images_Docs/Diagrams/Data Flow/AuditTrail.png>
Package pdftex.def Info: ../Images_Docs/Diagrams/Data Flow/AuditTrail.png used 
on input line 1499.
(pdftex.def)             Requested size: 220.78542pt x 64.85823pt.

Overfull \hbox (4.0pt too wide) in paragraph at lines 1499--1500
 [][] 
 []


<../Images_Docs/Diagrams/Data Flow/CVManagement.png, id=375, 430.60875pt x 156.
585pt>
File: ../Images_Docs/Diagrams/Data Flow/CVManagement.png Graphic file (type png
)
 <use ../Images_Docs/Diagrams/Data Flow/CVManagement.png>
Package pdftex.def Info: ../Images_Docs/Diagrams/Data Flow/CVManagement.png use
d on input line 1505.
(pdftex.def)             Requested size: 220.78542pt x 80.28735pt.

Overfull \hbox (4.0pt too wide) in paragraph at lines 1505--1506
 [][] 
 []


<../Images_Docs/Diagrams/Data Flow/DeansEndorsement.png, id=376, 444.91219pt x 
156.585pt>
File: ../Images_Docs/Diagrams/Data Flow/DeansEndorsement.png Graphic file (type
 png)
 <use ../Images_Docs/Diagrams/Data Flow/DeansEndorsement.png>
Package pdftex.def Info: ../Images_Docs/Diagrams/Data Flow/DeansEndorsement.png
 used on input line 1511.
(pdftex.def)             Requested size: 220.78542pt x 77.70453pt.

Overfull \hbox (4.0pt too wide) in paragraph at lines 1511--1512
 [][] 
 []


<../Images_Docs/Diagrams/Data Flow/DRISApproval.png, id=377, 917.67844pt x 191.
9672pt>
File: ../Images_Docs/Diagrams/Data Flow/DRISApproval.png Graphic file (type png
)
 <use ../Images_Docs/Diagrams/Data Flow/DRISApproval.png>
Package pdftex.def Info: ../Images_Docs/Diagrams/Data Flow/DRISApproval.png use
d on input line 1517.
(pdftex.def)             Requested size: 220.78542pt x 46.18437pt.

Overfull \hbox (4.0pt too wide) in paragraph at lines 1517--1518
 [][] 
 []


<../Images_Docs/Diagrams/Data Flow/GrantHolderFinalisation.png, id=378, 380.923
13pt x 168.63pt>
File: ../Images_Docs/Diagrams/Data Flow/GrantHolderFinalisation.png Graphic fil
e (type png)

<use ../Images_Docs/Diagrams/Data Flow/GrantHolderFinalisation.png>
Package pdftex.def Info: ../Images_Docs/Diagrams/Data Flow/GrantHolderFinalisat
ion.png used on input line 1523.
(pdftex.def)             Requested size: 220.78542pt x 97.73856pt.

Overfull \hbox (4.0pt too wide) in paragraph at lines 1523--1524
 [][] 
 []


<../Images_Docs/Diagrams/Data Flow/MeetingManagement.png, id=379, 634.62094pt x
 257.46187pt>
File: ../Images_Docs/Diagrams/Data Flow/MeetingManagement.png Graphic file (typ
e png)
 <use ../Images_Docs/Diagrams/Data Flow/MeetingManagement.png>
Package pdftex.def Info: ../Images_Docs/Diagrams/Data Flow/MeetingManagement.pn
g used on input line 1529.
(pdftex.def)             Requested size: 220.78542pt x 89.57085pt.

Overfull \hbox (4.0pt too wide) in paragraph at lines 1529--1530
 [][] 
 []


<../Images_Docs/Diagrams/Data Flow/NewApplication.png, id=380, 953.06062pt x 18
2.93344pt>
File: ../Images_Docs/Diagrams/Data Flow/NewApplication.png Graphic file (type p
ng)
 <use ../Images_Docs/Diagrams/Data Flow/NewApplication.png>
Package pdftex.def Info: ../Images_Docs/Diagrams/Data Flow/NewApplication.png u
sed on input line 1535.
(pdftex.def)             Requested size: 220.78542pt x 42.37805pt.

Overfull \hbox (4.0pt too wide) in paragraph at lines 1535--1536
 [][] 
 []


<../Images_Docs/Diagrams/Data Flow/NotificationService.png, id=381, 443.40656pt
 x 175.40532pt>
File: ../Images_Docs/Diagrams/Data Flow/NotificationService.png Graphic file (t
ype png)

<use ../Images_Docs/Diagrams/Data Flow/NotificationService.png>
Package pdftex.def Info: ../Images_Docs/Diagrams/Data Flow/NotificationService.
png used on input line 1541.
(pdftex.def)             Requested size: 220.78542pt x 87.34111pt.

Overfull \hbox (4.0pt too wide) in paragraph at lines 1541--1542
 [][] 
 []


<../Images_Docs/Diagrams/Data Flow/ProgressReport.png, id=382, 415.5525pt x 190
.46156pt>
File: ../Images_Docs/Diagrams/Data Flow/ProgressReport.png Graphic file (type p
ng)
 <use ../Images_Docs/Diagrams/Data Flow/ProgressReport.png>
Package pdftex.def Info: ../Images_Docs/Diagrams/Data Flow/ProgressReport.png u
sed on input line 1547.
(pdftex.def)             Requested size: 220.78542pt x 101.19406pt.

Overfull \hbox (4.0pt too wide) in paragraph at lines 1547--1548
 [][] 
 []


<../Images_Docs/Diagrams/Data Flow/RefereeReport.png, id=383, 666.23906pt x 158
.84344pt>
File: ../Images_Docs/Diagrams/Data Flow/RefereeReport.png Graphic file (type pn
g)
 <use ../Images_Docs/Diagrams/Data Flow/RefereeReport.png>
Package pdftex.def Info: ../Images_Docs/Diagrams/Data Flow/RefereeReport.png us
ed on input line 1553.
(pdftex.def)             Requested size: 220.78542pt x 52.63905pt.

Overfull \hbox (4.0pt too wide) in paragraph at lines 1553--1554
 [][] 
 []


<../Images_Docs/Diagrams/Data Flow/Reporting.png, id=384, 432.11438pt x 331.990
31pt>
File: ../Images_Docs/Diagrams/Data Flow/Reporting.png Graphic file (type png)
 <use ../Images_Docs/Diagrams/Data Flow/Reporting.png>
Package pdftex.def Info: ../Images_Docs/Diagrams/Data Flow/Reporting.png used o
n input line 1559.
(pdftex.def)             Requested size: 220.78542pt x 169.62688pt.

Overfull \hbox (4.0pt too wide) in paragraph at lines 1559--1560
 [][] 
 []


<../Images_Docs/Diagrams/Data Flow/UserAccount.png, id=385, 621.07031pt x 413.2
9407pt>
File: ../Images_Docs/Diagrams/Data Flow/UserAccount.png Graphic file (type png)

 <use ../Images_Docs/Diagrams/Data Flow/UserAccount.png>
Package pdftex.def Info: ../Images_Docs/Diagrams/Data Flow/UserAccount.png used
 on input line 1565.
(pdftex.def)             Requested size: 220.78542pt x 146.91907pt.

Overfull \hbox (4.0pt too wide) in paragraph at lines 1565--1566
 [][] 
 []


<../Images_Docs/Diagrams/Data Flow/UserGateway.png, id=386, 790.45313pt x 167.8
7718pt>
File: ../Images_Docs/Diagrams/Data Flow/UserGateway.png Graphic file (type png)

 <use ../Images_Docs/Diagrams/Data Flow/UserGateway.png>
Package pdftex.def Info: ../Images_Docs/Diagrams/Data Flow/UserGateway.png used
 on input line 1571.
(pdftex.def)             Requested size: 220.78542pt x 46.89001pt.

Overfull \hbox (4.0pt too wide) in paragraph at lines 1571--1572
 [][] 
 []


LaTeX Warning: Float too large for page by 1097.15381pt on input line 1576.

[84] [85 <C:/Sc/Project-Postdoc/Images_Docs/Diagrams/Data Flow/ApplicationProgr
ess.png> <C:/Sc/Project-Postdoc/Images_Docs/Diagrams/Data Flow/ApplicationRenew
al.png> <C:/Sc/Project-Postdoc/Images_Docs/Diagrams/Data Flow/ArchivalService.p
ng> <C:/Sc/Project-Postdoc/Images_Docs/Diagrams/Data Flow/AuditTrail.png> <C:/S
c/Project-Postdoc/Images_Docs/Diagrams/Data Flow/CVManagement.png> <C:/Sc/Proje
ct-Postdoc/Images_Docs/Diagrams/Data Flow/DeansEndorsement.png> <C:/Sc/Project-
Postdoc/Images_Docs/Diagrams/Data Flow/DRISApproval.png> <C:/Sc/Project-Postdoc
/Images_Docs/Diagrams/Data Flow/GrantHolderFinalisation.png> <C:/Sc/Project-Pos
tdoc/Images_Docs/Diagrams/Data Flow/MeetingManagement.png> <C:/Sc/Project-Postd
oc/Images_Docs/Diagrams/Data Flow/NewApplication.png> <C:/Sc/Project-Postdoc/Im
ages_Docs/Diagrams/Data Flow/NotificationService.png> <C:/Sc/Project-Postdoc/Im
ages_Docs/Diagrams/Data Flow/ProgressReport.png> <C:/Sc/Project-Postdoc/Images_
Docs/Diagrams/Data Flow/RefereeReport.png> <C:/Sc/Project-Postdoc/Images_Docs/D
iagrams/Data Flow/Reporting.png> <C:/Sc/Project-Postdoc/Images_Docs/Diagrams/Da
ta Flow/UserAccount.png> <C:/Sc/Project-Postdoc/Images_Docs/Diagrams/Data Flow/
UserGateway.png>]
<../Images_Docs/Diagrams/DomainObjects/DomainObjects1.png, id=394, 845.0772pt x
 1195.3458pt>
File: ../Images_Docs/Diagrams/DomainObjects/DomainObjects1.png Graphic file (ty
pe png)
 <use ../Images_Docs/Diagrams/DomainObjects/DomainObjects1.png>
Package pdftex.def Info: ../Images_Docs/Diagrams/DomainObjects/DomainObjects1.p
ng used on input line 1584.
(pdftex.def)             Requested size: 380.28122pt x 537.90063pt.

[86 <C:/Sc/Project-Postdoc/Images_Docs/Diagrams/DomainObjects/DomainObjects1.pn
g (PNG copy)>] [87] [88]
Underfull \hbox (badness 10000) in paragraph at lines 1646--1647

 []

[89] [90] [91]
Underfull \hbox (badness 1931) in paragraph at lines 1717--1717
\OT1/cmr/m/n/12 for-ma-tion such as names and
 []


Underfull \hbox (badness 5302) in paragraph at lines 1734--1734
[]\OT1/cmr/m/n/12 The ad-min-is-tra-tor en-ters the
 []


Underfull \hbox (badness 6842) in paragraph at lines 1734--1734
\OT1/cmr/m/n/12 re-quired in-for-ma-tion such as
 []

[92] [93] [94] [95] [96] 
AED: lastpage setting LastPage
[97]
(C:\Sc\Project-Postdoc\Functional_Req_Application_Des_Specs\Functional_Requirme
nts_Application_Design_document.aux) ) 
Here is how much of TeX's memory you used:
 6990 strings out of 493921
 133400 string characters out of 3147280
 189284 words of memory out of 3000000
 10187 multiletter control sequences out of 15000+200000
 9147 words of font info for 32 fonts, out of 3000000 for 9000
 841 hyphenation exceptions out of 8191
 37i,10n,39p,1296b,462s stack positions out of 5000i,500n,10000p,200000b,50000s
<C:/Program Files/MiKTeX 2.9/fonts/type1/
public/amsfonts/cm/cmbx12.pfb><C:/Program Files/MiKTeX 2.9/fonts/type1/public/a
msfonts/cm/cmr10.pfb><C:/Program Files/MiKTeX 2.9/fonts/type1/public/amsfonts/c
m/cmr12.pfb><C:/Program Files/MiKTeX 2.9/fonts/type1/public/amsfonts/cm/cmsy10.
pfb><C:/Program Files/MiKTeX 2.9/fonts/type1/public/amsfonts/cm/cmti12.pfb>
Output written on Functional_Requirments_Application_Design_document.pdf (97 pa
ges, 7840651 bytes).
PDF statistics:
 453 PDF objects out of 1000 (max. 8388607)
 0 named destinations out of 1000 (max. 500000)
 551 words of extra memory for PDF output out of 10000 (max. 10000000)

