This is pdfTeX, Version 3.1415926-2.4-1.40.13 (MiKTeX 2.9 64-bit) (preloaded format=pdflatex 2014.8.1)  18 OCT 2014 14:00
entering extended mode
**User_manual_document.tex
(C:\sas\Project-Postdoc\User_manual\User_manual_document.tex
LaTeX2e <2011/06/27>
Babel <v3.8m> and hyphenation patterns for english, afrikaans, ancientgreek, ar
abic, armenian, assamese, basque, bengali, bokmal, bulgarian, catalan, coptic, 
croatian, czech, danish, dutch, esperanto, estonian, farsi, finnish, french, ga
lician, german, german-x-2012-05-30, greek, gujarati, hindi, hungarian, iceland
ic, indonesian, interlingua, irish, italian, kannada, kurmanji, latin, latvian,
 lithuanian, malayalam, marathi, mongolian, mongolianlmc, monogreek, ngerman, n
german-x-2012-05-30, nynorsk, oriya, panjabi, pinyin, polish, portuguese, roman
ian, russian, sanskrit, serbian, slovak, slovenian, spanish, swedish, swissgerm
an, tamil, telugu, turkish, turkmen, ukenglish, ukrainian, uppersorbian, usengl
ishmax, welsh, loaded.
("C:\Program Files\MiKTeX 2.9\tex\latex\base\article.cls"
Document Class: article 2007/10/19 v1.4h Standard LaTeX document class
("C:\Program Files\MiKTeX 2.9\tex\latex\base\size12.clo"
File: size12.clo 2007/10/19 v1.4h Standard LaTeX file (size option)
)
\c@part=\count79
\c@section=\count80
\c@subsection=\count81
\c@subsubsection=\count82
\c@paragraph=\count83
\c@subparagraph=\count84
\c@figure=\count85
\c@table=\count86
\abovecaptionskip=\skip41
\belowcaptionskip=\skip42
\bibindent=\dimen102
)
("C:\Program Files\MiKTeX 2.9\tex\generic\babel\babel.sty"
Package: babel 2008/07/08 v3.8m The Babel package

*************************************
* Local config file bblopts.cfg used
*
("C:\Program Files\MiKTeX 2.9\tex\latex\00miktex\bblopts.cfg"
File: bblopts.cfg 2006/07/31 v1.0 MiKTeX 'babel' configuration
)
("C:\Program Files\MiKTeX 2.9\tex\generic\babel\english.ldf"
Language: english 2005/03/30 v3.3o English support from the babel system

("C:\Program Files\MiKTeX 2.9\tex\generic\babel\babel.def"
File: babel.def 2008/07/08 v3.8m Babel common definitions
\babel@savecnt=\count87
\U@D=\dimen103
)
\l@canadian = a dialect from \language\l@american 
\l@australian = a dialect from \language\l@british 
\l@newzealand = a dialect from \language\l@british 
))
("C:\Program Files\MiKTeX 2.9\tex\latex\base\inputenc.sty"
Package: inputenc 2008/03/30 v1.1d Input encoding file
\inpenc@prehook=\toks14
\inpenc@posthook=\toks15

("C:\Program Files\MiKTeX 2.9\tex\latex\ucs\utf8x.def"
File: utf8x.def 2004/10/17 UCS: Input encoding UTF-8
))
("C:\Program Files\MiKTeX 2.9\tex\latex\ucs\ucs.sty"
Package: ucs 2013/05/11 v2.2 UCS: Unicode input support

("C:\Program Files\MiKTeX 2.9\tex\latex\ucs\uni-global.def"
File: uni-global.def 2013/05/13 UCS: Unicode global data
)
\uc@secondtry=\count88
\uc@combtoks=\toks16
\uc@combtoksb=\toks17
\uc@temptokena=\toks18
)
("C:\Program Files\MiKTeX 2.9\tex\latex\pdfpages\pdfpages.sty"
Package: pdfpages 2012/08/31 v0.4t Insert pages of external PDF documents (AM)

("C:\Program Files\MiKTeX 2.9\tex\latex\base\ifthen.sty"
Package: ifthen 2001/05/26 v1.1c Standard LaTeX ifthen package (DPC)
)
("C:\Program Files\MiKTeX 2.9\tex\latex\tools\calc.sty"
Package: calc 2007/08/22 v4.3 Infix arithmetic (KKT,FJ)
\calc@Acount=\count89
\calc@Bcount=\count90
\calc@Adimen=\dimen104
\calc@Bdimen=\dimen105
\calc@Askip=\skip43
\calc@Bskip=\skip44
LaTeX Info: Redefining \setlength on input line 76.
LaTeX Info: Redefining \addtolength on input line 77.
\calc@Ccount=\count91
\calc@Cskip=\skip45
)
("C:\Program Files\MiKTeX 2.9\tex\latex\eso-pic\eso-pic.sty"
Package: eso-pic 2010/10/06 v2.0c eso-pic (RN)

("C:\Program Files\MiKTeX 2.9\tex\generic\oberdiek\atbegshi.sty"
Package: atbegshi 2011/10/05 v1.16 At begin shipout hook (HO)

("C:\Program Files\MiKTeX 2.9\tex\generic\oberdiek\infwarerr.sty"
Package: infwarerr 2010/04/08 v1.3 Providing info/warning/error messages (HO)
)
("C:\Program Files\MiKTeX 2.9\tex\generic\oberdiek\ltxcmds.sty"
Package: ltxcmds 2011/11/09 v1.22 LaTeX kernel commands for general use (HO)
)
("C:\Program Files\MiKTeX 2.9\tex\generic\oberdiek\ifpdf.sty"
Package: ifpdf 2011/01/30 v2.3 Provides the ifpdf switch (HO)
Package ifpdf Info: pdfTeX in PDF mode is detected.
))
("C:\Program Files\MiKTeX 2.9\tex\latex\graphics\keyval.sty"
Package: keyval 1999/03/16 v1.13 key=value parser (DPC)
\KV@toks@=\toks19
)
("C:\Program Files\MiKTeX 2.9\tex\latex\xcolor\xcolor.sty"
Package: xcolor 2007/01/21 v2.11 LaTeX color extensions (UK)

("C:\Program Files\MiKTeX 2.9\tex\latex\00miktex\color.cfg"
File: color.cfg 2007/01/18 v1.5 color configuration of teTeX/TeXLive
)
Package xcolor Info: Driver file: pdftex.def on input line 225.

("C:\Program Files\MiKTeX 2.9\tex\latex\pdftex-def\pdftex.def"
File: pdftex.def 2011/05/27 v0.06d Graphics/color for pdfTeX
\Gread@gobject=\count92
)
Package xcolor Info: Model `cmy' substituted by `cmy0' on input line 1337.
Package xcolor Info: Model `hsb' substituted by `rgb' on input line 1341.
Package xcolor Info: Model `RGB' extended on input line 1353.
Package xcolor Info: Model `HTML' substituted by `rgb' on input line 1355.
Package xcolor Info: Model `Hsb' substituted by `hsb' on input line 1356.
Package xcolor Info: Model `tHsb' substituted by `hsb' on input line 1357.
Package xcolor Info: Model `HSB' substituted by `hsb' on input line 1358.
Package xcolor Info: Model `Gray' substituted by `gray' on input line 1359.
Package xcolor Info: Model `wave' substituted by `hsb' on input line 1360.
))
("C:\Program Files\MiKTeX 2.9\tex\latex\graphics\graphicx.sty"
Package: graphicx 1999/02/16 v1.0f Enhanced LaTeX Graphics (DPC,SPQR)

("C:\Program Files\MiKTeX 2.9\tex\latex\graphics\graphics.sty"
Package: graphics 2009/02/05 v1.0o Standard LaTeX Graphics (DPC,SPQR)

("C:\Program Files\MiKTeX 2.9\tex\latex\graphics\trig.sty"
Package: trig 1999/03/16 v1.09 sin cos tan (DPC)
)
("C:\Program Files\MiKTeX 2.9\tex\latex\00miktex\graphics.cfg"
File: graphics.cfg 2007/01/18 v1.5 graphics configuration of teTeX/TeXLive
)
Package graphics Info: Driver file: pdftex.def on input line 91.
)
\Gin@req@height=\dimen106
\Gin@req@width=\dimen107
)
("C:\Program Files\MiKTeX 2.9\tex\latex\pdfpages\pppdftex.def"
File: pppdftex.def 2012/08/31 v0.4t Pdfpages driver for pdfTeX (AM)
)
\AM@pagebox=\box26
\AM@toc@title=\toks20
\c@AM@survey=\count93
\AM@templatesizebox=\box27
)
("C:\Program Files\MiKTeX 2.9\tex\latex\lastpage\lastpage.sty"
Package: lastpage 2013/01/28 v1.2l Refers to last page's name (HMM; JPG)
)
("C:\Program Files\MiKTeX 2.9\tex\latex\fancyhdr\extramarks.sty"
\@temptokenb=\toks21
)
("C:\Program Files\MiKTeX 2.9\tex\latex\listings\listings.sty"
\lst@mode=\count94
\lst@gtempboxa=\box28
\lst@token=\toks22
\lst@length=\count95
\lst@currlwidth=\dimen108
\lst@column=\count96
\lst@pos=\count97
\lst@lostspace=\dimen109
\lst@width=\dimen110
\lst@newlines=\count98
\lst@lineno=\count99
\lst@maxwidth=\dimen111

("C:\Program Files\MiKTeX 2.9\tex\latex\listings\lstmisc.sty"
File: lstmisc.sty 2007/02/22 1.4 (Carsten Heinz)
\c@lstnumber=\count100
\lst@skipnumbers=\count101
\lst@framebox=\box29
)
("C:\Program Files\MiKTeX 2.9\tex\latex\listings\listings.cfg"
File: listings.cfg 2007/02/22 1.4 listings configuration
))
Package: listings 2007/02/22 1.4 (Carsten Heinz)

("C:\Program Files\MiKTeX 2.9\tex\latex\psnfss\courier.sty"
Package: courier 2005/04/12 PSNFSS-v9.2a (WaS) 
)
("C:\Program Files\MiKTeX 2.9\tex\latex\oberdiek\grffile.sty"
Package: grffile 2012/04/05 v1.16 Extended file name support for graphics (HO)

("C:\Program Files\MiKTeX 2.9\tex\generic\ifxetex\ifxetex.sty"
Package: ifxetex 2010/09/12 v0.6 Provides ifxetex conditional
)
("C:\Program Files\MiKTeX 2.9\tex\latex\oberdiek\kvoptions.sty"
Package: kvoptions 2011/06/30 v3.11 Key value format for package options (HO)

("C:\Program Files\MiKTeX 2.9\tex\generic\oberdiek\kvsetkeys.sty"
Package: kvsetkeys 2012/04/25 v1.16 Key value parser (HO)

("C:\Program Files\MiKTeX 2.9\tex\generic\oberdiek\etexcmds.sty"
Package: etexcmds 2011/02/16 v1.5 Avoid name clashes with e-TeX commands (HO)

("C:\Program Files\MiKTeX 2.9\tex\generic\oberdiek\ifluatex.sty"
Package: ifluatex 2010/03/01 v1.3 Provides the ifluatex switch (HO)
Package ifluatex Info: LuaTeX not detected.
)
Package etexcmds Info: Could not find \expanded.
(etexcmds)             That can mean that you are not using pdfTeX 1.50 or
(etexcmds)             that some package has redefined \expanded.
(etexcmds)             In the latter case, load this package earlier.
)))
("C:\Program Files\MiKTeX 2.9\tex\generic\oberdiek\pdftexcmds.sty"
Package: pdftexcmds 2011/11/29 v0.20 Utility functions of pdfTeX for LuaTeX (HO
)
Package pdftexcmds Info: LuaTeX not detected.
Package pdftexcmds Info: \pdf@primitive is available.
Package pdftexcmds Info: \pdf@ifprimitive is available.
Package pdftexcmds Info: \pdfdraftmode found.
)
Package grffile Info: Option `multidot' is set to `true'.
Package grffile Info: Option `extendedchars' is set to `false'.
Package grffile Info: Option `space' is set to `true'.
Package grffile Info: \Gin@ii of package `graphicx' fixed on input line 486.
)
("C:\Program Files\MiKTeX 2.9\tex\latex\float\float.sty"
Package: float 2001/11/08 v1.3d Float enhancements (AL)
\c@float@type=\count102
\float@exts=\toks23
\float@box=\box30
\@float@everytoks=\toks24
\@floatcapt=\box31
)
("C:\Program Files\MiKTeX 2.9\tex\latex\geometry\geometry.sty"
Package: geometry 2010/09/12 v5.6 Page Geometry

("C:\Program Files\MiKTeX 2.9\tex\generic\oberdiek\ifvtex.sty"
Package: ifvtex 2010/03/01 v1.5 Detect VTeX and its facilities (HO)
Package ifvtex Info: VTeX not detected.
)
\Gm@cnth=\count103
\Gm@cntv=\count104
\c@Gm@tempcnt=\count105
\Gm@bindingoffset=\dimen112
\Gm@wd@mp=\dimen113
\Gm@odd@mp=\dimen114
\Gm@even@mp=\dimen115
\Gm@layoutwidth=\dimen116
\Gm@layoutheight=\dimen117
\Gm@layouthoffset=\dimen118
\Gm@layoutvoffset=\dimen119
\Gm@dimlist=\toks25

("C:\Program Files\MiKTeX 2.9\tex\latex\geometry\geometry.cfg"))
(C:\sas\Project-Postdoc\User_manual\User_manual_document.aux)
LaTeX Font Info:    Checking defaults for OML/cmm/m/it on input line 38.
LaTeX Font Info:    ... okay on input line 38.
LaTeX Font Info:    Checking defaults for T1/cmr/m/n on input line 38.
LaTeX Font Info:    ... okay on input line 38.
LaTeX Font Info:    Checking defaults for OT1/cmr/m/n on input line 38.
LaTeX Font Info:    ... okay on input line 38.
LaTeX Font Info:    Checking defaults for OMS/cmsy/m/n on input line 38.
LaTeX Font Info:    ... okay on input line 38.
LaTeX Font Info:    Checking defaults for OMX/cmex/m/n on input line 38.
LaTeX Font Info:    ... okay on input line 38.
LaTeX Font Info:    Checking defaults for U/cmr/m/n on input line 38.
LaTeX Font Info:    ... okay on input line 38.

("C:\Program Files\MiKTeX 2.9\tex\latex\ucs\ucsencs.def"
File: ucsencs.def 2011/01/21 Fixes to fontencodings LGR, T3
)
\AtBeginShipoutBox=\box32

("C:\Program Files\MiKTeX 2.9\tex\context\base\supp-pdf.mkii"
[Loading MPS to PDF converter (version 2006.09.02).]
\scratchcounter=\count106
\scratchdimen=\dimen120
\scratchbox=\box33
\nofMPsegments=\count107
\nofMParguments=\count108
\everyMPshowfont=\toks26
\MPscratchCnt=\count109
\MPscratchDim=\dimen121
\MPnumerator=\count110
\makeMPintoPDFobject=\count111
\everyMPtoPDFconversion=\toks27
)
Package lastpage Info: Please have a look at the pageslts package at
(lastpage)             http://www.ctan.org/tex-archive/ 
(lastpage)             macros/latex/contrib/pageslts/ 
(lastpage)             or
(lastpage)             http://www.ctan.org/tex-archive/ 
(lastpage)             install/macros/latex/contrib/pageslts.tds.zip
(lastpage)             ! on input line 38.
\c@lstlisting=\count112

*geometry* driver: auto-detecting
*geometry* detected driver: pdftex
*geometry* verbose mode - [ preamble ] result:
* driver: pdftex
* paper: a4paper
* layout: <same size as paper>
* layoutoffset:(h,v)=(0.0pt,0.0pt)
* modes: 
* h-part:(L,W,R)=(81.94394pt, 433.62pt, 81.94394pt)
* v-part:(T,H,B)=(106.75473pt, 578.15999pt, 160.13213pt)
* \paperwidth=597.50787pt
* \paperheight=845.04684pt
* \textwidth=469.75499pt
* \textheight=650.43pt
* \oddsidemargin=0.0pt
* \evensidemargin=0.0pt
* \topmargin=-32.52127pt
* \headheight=12.0pt
* \headsep=18.06749pt
* \topskip=12.0pt
* \footskip=30.0pt
* \marginparwidth=44.0pt
* \marginparsep=10.0pt
* \columnsep=10.0pt
* \skip\footins=10.8pt plus 4.0pt minus 2.0pt
* \hoffset=0.0pt
* \voffset=0.0pt
* \mag=1000
* \@twocolumnfalse
* \@twosidefalse
* \@mparswitchfalse
* \@reversemarginfalse
* (1in=72.27pt=25.4mm, 1cm=28.453pt)

<../Images_Docs/logo.png, id=1, 369.63094pt x 170.88844pt>
File: ../Images_Docs/logo.png Graphic file (type png)

<use ../Images_Docs/logo.png>
Package pdftex.def Info: ../Images_Docs/logo.png used on input line 47.
(pdftex.def)             Requested size: 369.63002pt x 170.88802pt.

("C:\Program Files\MiKTeX 2.9\tex\latex\ucs\uni-32.def"
File: uni-32.def 2013/05/13 UCS: Unicode data U+2000..U+20FF
)
LaTeX Font Info:    External font `cmex10' loaded for size
(Font)              <12> on input line 70.
LaTeX Font Info:    External font `cmex10' loaded for size
(Font)              <8> on input line 70.
LaTeX Font Info:    External font `cmex10' loaded for size
(Font)              <6> on input line 70.
 [1

{C:/ProgramData/MiKTeX/2.9/pdftex/config/pdftex.map} <C:/sas/Project-Postdoc/Im
ages_Docs/logo.png>] [2] (C:\sas\Project-Postdoc\User_manual\User_manual_docume
nt.toc)
\tf@toc=\write3

(C:\sas\Project-Postdoc\User_manual\User_manual_document.lof [3])
\tf@lof=\write4
 [4]
LaTeX Font Info:    Try loading font information for OMS+cmr on input line 127.


("C:\Program Files\MiKTeX 2.9\tex\latex\base\omscmr.fd"
File: omscmr.fd 1999/05/25 v2.5h Standard LaTeX font definitions
)
LaTeX Font Info:    Font shape `OMS/cmr/m/n' in size <12> not available
(Font)              Font shape `OMS/cmsy/m/n' tried instead on input line 127.
 [5] [6] [7]
<../Images_Docs/Screenshots/CreateApp.png, id=30, 752.0597pt x 504.38437pt>
File: ../Images_Docs/Screenshots/CreateApp.png Graphic file (type png)

<use ../Images_Docs/Screenshots/CreateApp.png>
Package pdftex.def Info: ../Images_Docs/Screenshots/CreateApp.png used on input
 line 164.
(pdftex.def)             Requested size: 376.02893pt x 252.19156pt.
 [8 <C:/sas/Project-Postdoc/Images_Docs/Screenshots/CreateApp.png>]
<../Images_Docs/Screenshots/homePage.png, id=35, 754.31813pt x 505.89pt>
File: ../Images_Docs/Screenshots/homePage.png Graphic file (type png)

<use ../Images_Docs/Screenshots/homePage.png>
Package pdftex.def Info: ../Images_Docs/Screenshots/homePage.png used on input 
line 174.
(pdftex.def)             Requested size: 377.15814pt x 252.94437pt.
 [9 <C:/sas/Project-Postdoc/Images_Docs/Screenshots/homePage.png>]
<../Images_Docs/Screenshots/menu.png, id=40, 764.10469pt x 502.87875pt>
File: ../Images_Docs/Screenshots/menu.png Graphic file (type png)

<use ../Images_Docs/Screenshots/menu.png>
Package pdftex.def Info: ../Images_Docs/Screenshots/menu.png used on input line
 183.
(pdftex.def)             Requested size: 382.0514pt x 251.43875pt.
 [10 <C:/sas/Project-Postdoc/Images_Docs/Screenshots/menu.png>]
<../Images_Docs/Screenshots/AppServices.png, id=45, 585.68813pt x 502.87875pt>
File: ../Images_Docs/Screenshots/AppServices.png Graphic file (type png)

<use ../Images_Docs/Screenshots/AppServices.png>
Package pdftex.def Info: ../Images_Docs/Screenshots/AppServices.png used on inp
ut line 193.
(pdftex.def)             Requested size: 292.84334pt x 251.43875pt.
 [11 <C:/sas/Project-Postdoc/Images_Docs/Screenshots/AppServices.png>]
<../Images_Docs/Screenshots/navigationBar.png, id=50, 949.29657pt x 478.03593pt
>
File: ../Images_Docs/Screenshots/navigationBar.png Graphic file (type png)
 <use ../Images_Docs/Screenshots/navigationBar.png>
Package pdftex.def Info: ../Images_Docs/Screenshots/navigationBar.png used on i
nput line 203.
(pdftex.def)             Requested size: 474.64713pt x 239.01738pt.

Overfull \hbox (8.89214pt too wide) in paragraph at lines 203--204
 [][] 
 []

[12 <C:/sas/Project-Postdoc/Images_Docs/Screenshots/navigationBar.png>]
<../Images_Docs/Screenshots/BreadCrumbs.png, id=55, 834.86906pt x 503.63156pt>
File: ../Images_Docs/Screenshots/BreadCrumbs.png Graphic file (type png)

<use ../Images_Docs/Screenshots/BreadCrumbs.png>
Package pdftex.def Info: ../Images_Docs/Screenshots/BreadCrumbs.png used on inp
ut line 213.
(pdftex.def)             Requested size: 417.43352pt x 251.81516pt.
 [13 <C:/sas/Project-Postdoc/Images_Docs/Screenshots/BreadCrumbs.png>]
<../Images_Docs/Screenshots/AnnouncementManagementCreation.png, id=61, 681.2953
2pt x 393.72093pt>
File: ../Images_Docs/Screenshots/AnnouncementManagementCreation.png Graphic fil
e (type png)

<use ../Images_Docs/Screenshots/AnnouncementManagementCreation.png>
Package pdftex.def Info: ../Images_Docs/Screenshots/AnnouncementManagementCreat
ion.png used on input line 224.
(pdftex.def)             Requested size: 340.64682pt x 196.85999pt.

<../Images_Docs/Screenshots/AnnouncementManagementView.png, id=62, 677.53125pt 
x 426.09187pt>
File: ../Images_Docs/Screenshots/AnnouncementManagementView.png Graphic file (t
ype png)
 <use ../Images_Docs/Screenshots/AnnouncementManagementView.png>
Package pdftex.def Info: ../Images_Docs/Screenshots/AnnouncementManagementView.
png used on input line 230.
(pdftex.def)             Requested size: 338.76479pt x 213.04541pt.

<../Images_Docs/Screenshots/AuditTrail1.png, id=63, 611.28375pt x 499.11469pt>
File: ../Images_Docs/Screenshots/AuditTrail1.png Graphic file (type png)

<use ../Images_Docs/Screenshots/AuditTrail1.png>
Package pdftex.def Info: ../Images_Docs/Screenshots/AuditTrail1.png used on inp
ut line 238.
(pdftex.def)             Requested size: 305.64113pt x 249.55672pt.
 [14 <C:/sas/Project-Postdoc/Images_Docs/Screenshots/AnnouncementManagementCrea
tion.png> <C:/sas/Project-Postdoc/Images_Docs/Screenshots/AnnouncementManagemen
tView.png>] [15 <C:/sas/Project-Postdoc/Images_Docs/Screenshots/AuditTrail1.png
>]
<../Images_Docs/Screenshots/FowardRewind1.png, id=73, 682.80093pt x 587.94656pt
>
File: ../Images_Docs/Screenshots/FowardRewind1.png Graphic file (type png)
 <use ../Images_Docs/Screenshots/FowardRewind1.png>
Package pdftex.def Info: ../Images_Docs/Screenshots/FowardRewind1.png used on i
nput line 248.
(pdftex.def)             Requested size: 341.39963pt x 293.97256pt.
 [16 <C:/sas/Project-Postdoc/Images_Docs/Screenshots/FowardRewind1.png>]
<../Images_Docs/Screenshots/LocationManagement3.png, id=78, 679.78969pt x 418.5
6375pt>
File: ../Images_Docs/Screenshots/LocationManagement3.png Graphic file (type png
)
 <use ../Images_Docs/Screenshots/LocationManagement3.png>
Package pdftex.def Info: ../Images_Docs/Screenshots/LocationManagement3.png use
d on input line 257.
(pdftex.def)             Requested size: 339.89401pt x 209.28136pt.
 [17 <C:/sas/Project-Postdoc/Images_Docs/Screenshots/LocationManagement3.png>]
<../Images_Docs/Screenshots/MeetingManagement.png, id=83, 684.30656pt x 313.17p
t>
File: ../Images_Docs/Screenshots/MeetingManagement.png Graphic file (type png)
 <use ../Images_Docs/Screenshots/MeetingManagement.png>
Package pdftex.def Info: ../Images_Docs/Screenshots/MeetingManagement.png used 
on input line 267.
(pdftex.def)             Requested size: 342.15244pt x 156.58461pt.

<../Images_Docs/Screenshots/MeetingManagementCreate1.png, id=84, 679.03688pt x 
426.09187pt>
File: ../Images_Docs/Screenshots/MeetingManagementCreate1.png Graphic file (typ
e png)
 <use ../Images_Docs/Screenshots/MeetingManagementCreate1.png>
Package pdftex.def Info: ../Images_Docs/Screenshots/MeetingManagementCreate1.pn
g used on input line 274.
(pdftex.def)             Requested size: 339.51761pt x 213.04541pt.

<../Images_Docs/Screenshots/MeetingManagementView.png, id=85, 691.08188pt x 659
.46375pt>
File: ../Images_Docs/Screenshots/MeetingManagementView.png Graphic file (type p
ng)
 <use ../Images_Docs/Screenshots/MeetingManagementView.png>
Package pdftex.def Info: ../Images_Docs/Screenshots/MeetingManagementView.png u
sed on input line 280.
(pdftex.def)             Requested size: 345.54008pt x 329.73106pt.
 [18 <C:/sas/Project-Postdoc/Images_Docs/Screenshots/MeetingManagement.png> <C:
/sas/Project-Postdoc/Images_Docs/Screenshots/MeetingManagementCreate1.png>] [19
 <C:/sas/Project-Postdoc/Images_Docs/Screenshots/MeetingManagementView.png>]
<../Images_Docs/Screenshots/Notification.png, id=96, 608.2725pt x 505.13719pt>
File: ../Images_Docs/Screenshots/Notification.png Graphic file (type png)

<use ../Images_Docs/Screenshots/Notification.png>
Package pdftex.def Info: ../Images_Docs/Screenshots/Notification.png used on in
put line 290.
(pdftex.def)             Requested size: 304.13551pt x 252.56798pt.
 [20 <C:/sas/Project-Postdoc/Images_Docs/Screenshots/Notification.png>]
<../Images_Docs/Screenshots/ReportUser.png, id=101, 678.28406pt x 323.70938pt>
File: ../Images_Docs/Screenshots/ReportUser.png Graphic file (type png)

<use ../Images_Docs/Screenshots/ReportUser.png>
Package pdftex.def Info: ../Images_Docs/Screenshots/ReportUser.png used on inpu
t line 301.
(pdftex.def)             Requested size: 339.14119pt x 161.8543pt.

<../Images_Docs/Screenshots/ReportUser4.png, id=102, 682.80093pt x 591.71063pt>
File: ../Images_Docs/Screenshots/ReportUser4.png Graphic file (type png)
<use ../Images_Docs/Screenshots/ReportUser4.png>
Package pdftex.def Info: ../Images_Docs/Screenshots/ReportUser4.png used on inp
ut line 308.
(pdftex.def)             Requested size: 341.39963pt x 295.85458pt.

<../Images_Docs/Screenshots/ReportUser7.png, id=103, 679.03688pt x 545.78906pt>
File: ../Images_Docs/Screenshots/ReportUser7.png Graphic file (type png)
<use ../Images_Docs/Screenshots/ReportUser7.png>
Package pdftex.def Info: ../Images_Docs/Screenshots/ReportUser7.png used on inp
ut line 315.
(pdftex.def)             Requested size: 339.51761pt x 272.89386pt.
 [21 <C:/sas/Project-Postdoc/Images_Docs/Screenshots/ReportUser.png> <C:/sas/Pr
oject-Postdoc/Images_Docs/Screenshots/ReportUser4.png>]
<../Images_Docs/Screenshots/ReportUser8.png, id=109, 684.30656pt x 390.70969pt>
File: ../Images_Docs/Screenshots/ReportUser8.png Graphic file (type png)
<use ../Images_Docs/Screenshots/ReportUser8.png>
Package pdftex.def Info: ../Images_Docs/Screenshots/ReportUser8.png used on inp
ut line 323.
(pdftex.def)             Requested size: 342.15244pt x 195.35435pt.

<../Images_Docs/Screenshots/ReportUser10.png, id=110, 679.78969pt x 666.23906pt
>
File: ../Images_Docs/Screenshots/ReportUser10.png Graphic file (type png)
 <use ../Images_Docs/Screenshots/ReportUser10.png>
Package pdftex.def Info: ../Images_Docs/Screenshots/ReportUser10.png used on in
put line 331.
(pdftex.def)             Requested size: 339.89401pt x 333.11871pt.
 [22 <C:/sas/Project-Postdoc/Images_Docs/Screenshots/ReportUser7.png> <C:/sas/P
roject-Postdoc/Images_Docs/Screenshots/ReportUser8.png>]
<../Images_Docs/Screenshots/ReportUser11.png, id=116, 564.60938pt x 441.14813pt
>
File: ../Images_Docs/Screenshots/ReportUser11.png Graphic file (type png)
 <use ../Images_Docs/Screenshots/ReportUser11.png>
Package pdftex.def Info: ../Images_Docs/Screenshots/ReportUser11.png used on in
put line 340.
(pdftex.def)             Requested size: 282.30399pt x 220.57352pt.
 [23 <C:/sas/Project-Postdoc/Images_Docs/Screenshots/ReportUser10.png>] [24 <C:
/sas/Project-Postdoc/Images_Docs/Screenshots/ReportUser11.png>]
<../Images_Docs/Screenshots/UserAccount1.png, id=125, 685.05937pt x 587.19376pt
>
File: ../Images_Docs/Screenshots/UserAccount1.png Graphic file (type png)
 <use ../Images_Docs/Screenshots/UserAccount1.png>
Package pdftex.def Info: ../Images_Docs/Screenshots/UserAccount1.png used on in
put line 352.
(pdftex.def)             Requested size: 342.52884pt x 293.59616pt.

<../Images_Docs/Screenshots/View All Accounts1.png, id=126, 963.6pt x 770.88pt>
File: ../Images_Docs/Screenshots/View All Accounts1.png Graphic file (type png)

<use ../Images_Docs/Screenshots/View All Accounts1.png>
Package pdftex.def Info: ../Images_Docs/Screenshots/View All Accounts1.png used
 on input line 360.
(pdftex.def)             Requested size: 481.79883pt x 385.43906pt.

Overfull \hbox (16.04384pt too wide) in paragraph at lines 360--361
 [][] 
 []

[25 <C:/sas/Project-Postdoc/Images_Docs/Screenshots/UserAccount1.png>]
<../Images_Docs/Screenshots/Edit User3.png, id=132, 676.02562pt x 584.1825pt>
File: ../Images_Docs/Screenshots/Edit User3.png Graphic file (type png)

<use ../Images_Docs/Screenshots/Edit User3.png>
Package pdftex.def Info: ../Images_Docs/Screenshots/Edit User3.png used on inpu
t line 367.
(pdftex.def)             Requested size: 338.01198pt x 292.09053pt.
 [26 <C:/sas/Project-Postdoc/Images_Docs/Screenshots/View All Accounts1.png>] 
AED: lastpage setting LastPage
[27 <C:/sas/Project-Postdoc/Images_Docs/Screenshots/Edit User3.png>]
(C:\sas\Project-Postdoc\User_manual\User_manual_document.aux) ) 
Here is how much of TeX's memory you used:
 5564 strings out of 493921
 83200 string characters out of 3147280
 166320 words of memory out of 3000000
 8770 multiletter control sequences out of 15000+200000
 8500 words of font info for 30 fonts, out of 3000000 for 9000
 841 hyphenation exceptions out of 8191
 37i,9n,39p,1265b,354s stack positions out of 5000i,500n,10000p,200000b,50000s
<C:/Program File
s/MiKTeX 2.9/fonts/type1/public/amsfonts/cm/cmbx12.pfb><C:/Program Files/MiKTeX
 2.9/fonts/type1/public/amsfonts/cm/cmr12.pfb><C:/Program Files/MiKTeX 2.9/font
s/type1/public/amsfonts/cm/cmsy10.pfb>
Output written on User_manual_document.pdf (27 pages, 1387087 bytes).
PDF statistics:
 152 PDF objects out of 1000 (max. 8388607)
 0 named destinations out of 1000 (max. 500000)
 126 words of extra memory for PDF output out of 10000 (max. 10000000)

